
rand_member
【今日の部員】
SR東條希(小悪魔編)
2016年6月30日追加
[LV MAX]3040/4350/4890
[特技]魂をいただいちゃう！
today_card.py end


rand_member
【今日の部員】
SR東條希(動物編part2)
2015年9月30日追加
[LV MAX]3160/4220/4980
[特技]ペンギンウォーキング
#スクフェス
today_card.py end


rand_member
【今日の部員】
SR絢瀬絵里(ひな祭り編)
第3回 メドレーフェスティバル 報酬
[LV MAX]3450/3850/4840
[特技]キミの心に届けたい
#スクフェス
today_card.py end


rand_member
【今日の部員】
SR東條希(初期)

[LV MAX]3750/4410/3970
[特技]スピリチュアルパワー
#スクフェス
today_card.py end


rand_member
【今日の部員】
SR東條希(怪談編)
輝いて Can I do! 報酬
[LV MAX]4080/3770/4440
[特技]わしわし
#スクフェス
today_card.py end


rand_member
【今日の部員】
SR高坂穂乃果(サーカス編)
2015年12月31日追加
[LV MAX]4320/4960/3070
[特技]サーカスのステージ
#スクフェス
today_card.py end


rand_member
【今日の部員】
SR桜内梨子(梅雨編)
夜空はなんでも知ってるみたい 報酬
[LV MAX]3900/3570/4690
[特技]ひとつの音楽
#スクフェス
today_card.py end


rand_member
【今日の部員】
SR矢澤にこ(5月編)
2014年5月15日追加
[LV MAX]4790/3960/3580
[特技]食べちゃダメよ？
#スクフェス
today_card.py end


rand_member
【今日の部員】
SR東條希(9月編)
2013年8月31日追加
[LV MAX]3610/3910/4710
[特技]お祭り娘
#スクフェス
today_card.py end


rand_member
【今日の部員】
SR絢瀬絵里(舞踏会編)
2015年10月31日追加
[LV MAX]3090/4990/4300
[特技]みんなとの写真
#スクフェス
today_card.py end


rand_member
【今日の部員】
SR西木野真姫(クリスマス編)
2015年11月30日追加
[LV MAX]4960/3130/4260
[特技]今年を締めくくる歌
#スクフェス
today_card.py end


rand_member
【今日の部員】
SR南ことり(プール編)
2015年7月31日追加
[LV MAX]3170/4170/4950
[特技]水もしたたる？
#スクフェス
today_card.py end


rand_member

rand_member
【今日の部員】
SR絢瀬絵里(7月編)
2014年7月15日追加
[LV MAX]3450/4880/3850
[特技]人魚姫の強さ
#スクフェス
today_card.py end


rand_member
【今日の部員】
SR東條希(初期)

[LV MAX]3750/4410/3970
[特技]スピリチュアルパワー
#スクフェス
today_card.py end


rand_member
【今日の部員】
SR園田海未(探検家編)
第22回 スコアマッチ 報酬
[LV MAX]4000/3400/4760
[特技]ドキドキ探検隊
#スクフェス
today_card.py end


rand_member
【今日の部員】
SR渡辺曜(夏休み編)
研究が必要です 報酬
[LV MAX]3850/4720/3580
[特技]わくわくキャンプ
#スクフェス
today_card.py end


rand_member
【今日の部員】
SR園田海未(11月編)
2013年11月15日追加
[LV MAX]4760/3600/3870
[特技]食物への感謝
#スクフェス
today_card.py end


rand_member
【今日の部員】
SR高坂穂乃果(クリスマス編)
2015年12月15日追加
[LV MAX]4890/4290/3100
[特技]大切なプレゼント
#スクフェス
today_card.py end


rand_member
【今日の部員】
SR東條希(手品師編)
2015年6月15日追加
[LV MAX]3250/4200/4920
[特技]手品です！
#スクフェス
today_card.py end


rand_member
【今日の部員】
SR西木野真姫(ロック編)
第21回 スコアマッチ 報酬
[LV MAX]3890/4790/3500
[特技]ロックンロール！
#スクフェス
today_card.py end


rand_member
【今日の部員】
SR矢澤にこ(ベースボール編)
2016年4月15日追加
[LV MAX]4890/3190/4210
[特技]アイドルの笑顔
#スクフェス
today_card.py end


rand_member
【今日の部員】
SR南ことり(大正ロマン編)
2016年2月29日追加
[LV MAX]3070/4320/4900
[特技]女の子はいつだって
#スクフェス
today_card.py end


rand_member
【今日の部員】
SR星空凛(1月編)
2013年12月31日追加
[LV MAX]4870/3770/3590
[特技]今年は大吉！
#スクフェス
today_card.py end


rand_member
【今日の部員】
SR矢澤にこ(4月編)
2014年4月15日追加
[LV MAX]3900/4810/3620
[特技]スイーツアイドル
#スクフェス
today_card.py end


rand_member
【今日の部員】
SR東條希(1月編)
2013年12月31日追加
[LV MAX]4860/3820/3550
[特技]新年のおまじない
#スクフェス
today_card.py end


rand_member
【今日の部員】
SR小泉花陽(小悪魔編)
2016年6月30日追加
[LV MAX]4980/4300/3100
[特技]小悪魔なイメージで
#スクフェス
today_card.py end


rand_member
[SQL]select id, name, series from carddata where rarity=2 AND (name='高坂穂乃果' OR name='絢瀬絵里' OR name='南ことり' OR name='園田海未' OR name='星空凛' OR name='西木野真姫' OR name='東條希' OR name='小泉花陽' OR name='矢澤にこ' OR name='高海千歌' OR name='桜内梨子' OR name='松浦果南' OR name='黒澤ダイヤ' OR name='渡辺曜' OR name='津島善子' OR name='国木田花丸' OR name='小原鞠莉' OR name='黒澤ルビィ')
create_member_image

rand_member
[SQL]select id, name, series from carddata where rarity=4 AND (name='高坂穂乃果' OR name='絢瀬絵里' OR name='南ことり' OR name='園田海未' OR name='星空凛' OR name='西木野真姫' OR name='東條希' OR name='小泉花陽' OR name='矢澤にこ' OR name='高海千歌' OR name='桜内梨子' OR name='松浦果南' OR name='黒澤ダイヤ' OR name='渡辺曜' OR name='津島善子' OR name='国木田花丸' OR name='小原鞠莉' OR name='黒澤ルビィ')
create_member_image
OK
OK
【今日のSR/UR勧誘】
UR高坂穂乃果(雪山編)
2014年12月15日追加
[LV MAX]4520/5240/4100
[特技]二人で抜け出そうっ！
#スクフェス
today_card.py end


rand_member
[SQL]select id, name, series from carddata where rarity=2 AND (name='高坂穂乃果' OR name='絢瀬絵里' OR name='南ことり' OR name='園田海未' OR name='星空凛' OR name='西木野真姫' OR name='東條希' OR name='小泉花陽' OR name='矢澤にこ' OR name='高海千歌' OR name='桜内梨子' OR name='松浦果南' OR name='黒澤ダイヤ' OR name='渡辺曜' OR name='津島善子' OR name='国木田花丸' OR name='小原鞠莉' OR name='黒澤ルビィ')
create_member_image
OK
OK
【今日のSR/UR勧誘】
SR東條希(雪山編)
2014年11月30日追加
[LV MAX]4020/4890/3340
[特技]温泉卓球♪
#スクフェス
today_card.py end


rand_member
[SQL]select id, name, series from carddata where rarity=2 AND (name='高坂穂乃果' OR name='絢瀬絵里' OR name='南ことり' OR name='園田海未' OR name='星空凛' OR name='西木野真姫' OR name='東條希' OR name='小泉花陽' OR name='矢澤にこ' OR name='高海千歌' OR name='桜内梨子' OR name='松浦果南' OR name='黒澤ダイヤ' OR name='渡辺曜' OR name='津島善子' OR name='国木田花丸' OR name='小原鞠莉' OR name='黒澤ルビィ')
create_member_image
OK
OK
【今日のSR/UR勧誘】
SR小泉花陽(アイドル衣装編)
2016年5月31日追加
[LV MAX]3320/4080/4980
[特技]練習の成果
#スクフェス
today_card.py end


rand_member
[SQL]select id, name, series from carddata where rarity=2 AND (name='高坂穂乃果' OR name='絢瀬絵里' OR name='南ことり' OR name='園田海未' OR name='星空凛' OR name='西木野真姫' OR name='東條希' OR name='小泉花陽' OR name='矢澤にこ' OR name='高海千歌' OR name='桜内梨子' OR name='松浦果南' OR name='黒澤ダイヤ' OR name='渡辺曜' OR name='津島善子' OR name='国木田花丸' OR name='小原鞠莉' OR name='黒澤ルビィ')
create_member_image
OK
OK
【今日のSR/UR勧誘】
SR高坂穂乃果(カフェメイド編)
2014年9月15日追加
[LV MAX]3950/4890/3260
[特技]メイド見習い
#スクフェス
today_card.py end


rand_member
[SQL]select id, name, series from carddata where rarity=2 AND (name='高坂穂乃果' OR name='絢瀬絵里' OR name='南ことり' OR name='園田海未' OR name='星空凛' OR name='西木野真姫' OR name='東條希' OR name='小泉花陽' OR name='矢澤にこ' OR name='高海千歌' OR name='桜内梨子' OR name='松浦果南' OR name='黒澤ダイヤ' OR name='渡辺曜' OR name='津島善子' OR name='国木田花丸' OR name='小原鞠莉' OR name='黒澤ルビィ')
create_member_image
OK
OK
【今日のSR/UR勧誘】
SR渡辺曜(初期)
2016年7月5日追加
[LV MAX]3210/4890/4180
[特技]衣装作り
#スクフェス
today_card.py end


rand_member
[SQL]select id, name, series from carddata where rarity=2 AND (name='高坂穂乃果' OR name='絢瀬絵里' OR name='南ことり' OR name='園田海未' OR name='星空凛' OR name='西木野真姫' OR name='東條希' OR name='小泉花陽' OR name='矢澤にこ' OR name='高海千歌' OR name='桜内梨子' OR name='松浦果南' OR name='黒澤ダイヤ' OR name='渡辺曜' OR name='津島善子' OR name='国木田花丸' OR name='小原鞠莉' OR name='黒澤ルビィ')
create_member_image
OK
OK
【今日のSR/UR勧誘】
SR星空凛(動物編part2)
2015年10月15日追加
[LV MAX]4990/4040/3350
[特技]キリンさんとお散歩！
#スクフェス
today_card.py end


rand_member
[SQL]select id, name, series from carddata where rarity=4 AND (name='高坂穂乃果' OR name='絢瀬絵里' OR name='南ことり' OR name='園田海未' OR name='星空凛' OR name='西木野真姫' OR name='東條希' OR name='小泉花陽' OR name='矢澤にこ' OR name='高海千歌' OR name='桜内梨子' OR name='松浦果南' OR name='黒澤ダイヤ' OR name='渡辺曜' OR name='津島善子' OR name='国木田花丸' OR name='小原鞠莉' OR name='黒澤ルビィ')
create_member_image
OK
OK
【今日のSR/UR勧誘】
UR園田海未(4月編)
2014年4月15日追加
[LV MAX]4300/4230/5290
[特技]甘味のちから
#スクフェス
today_card.py end


rand_member
[SQL]select id, name, series from carddata where rarity=2 AND (name='高坂穂乃果' OR name='絢瀬絵里' OR name='南ことり' OR name='園田海未' OR name='星空凛' OR name='西木野真姫' OR name='東條希' OR name='小泉花陽' OR name='矢澤にこ' OR name='高海千歌' OR name='桜内梨子' OR name='松浦果南' OR name='黒澤ダイヤ' OR name='渡辺曜' OR name='津島善子' OR name='国木田花丸' OR name='小原鞠莉' OR name='黒澤ルビィ')
create_member_image
OK
OK
【今日のSR/UR勧誘】
SR桜内梨子(梅雨編)
夜空はなんでも知ってるみたい 報酬
[LV MAX]3900/3570/4690
[特技]ひとつの音楽
#スクフェス
today_card.py end


rand_member
[SQL]select id, name, series from carddata where rarity=4 AND (name='高坂穂乃果' OR name='絢瀬絵里' OR name='南ことり' OR name='園田海未' OR name='星空凛' OR name='西木野真姫' OR name='東條希' OR name='小泉花陽' OR name='矢澤にこ' OR name='高海千歌' OR name='桜内梨子' OR name='松浦果南' OR name='黒澤ダイヤ' OR name='渡辺曜' OR name='津島善子' OR name='国木田花丸' OR name='小原鞠莉' OR name='黒澤ルビィ')
create_member_image
OK
OK
【今日のSR/UR勧誘】
UR星空凛(プール編)
2015年8月15日追加
[LV MAX]5370/4460/4080
[特技]気楽にプール♪
#スクフェス
today_card.py end












