
rand_member
【今日の部員】
SR東條希(小悪魔編)
2016年6月30日追加
[LV MAX]3040/4350/4890
[特技]魂をいただいちゃう！
today_card.py end


rand_member
【今日の部員】
SR東條希(動物編part2)
2015年9月30日追加
[LV MAX]3160/4220/4980
[特技]ペンギンウォーキング
#スクフェス
today_card.py end


rand_member
【今日の部員】
SR絢瀬絵里(ひな祭り編)
第3回 メドレーフェスティバル 報酬
[LV MAX]3450/3850/4840
[特技]キミの心に届けたい
#スクフェス
today_card.py end


rand_member
【今日の部員】
SR東條希(初期)

[LV MAX]3750/4410/3970
[特技]スピリチュアルパワー
#スクフェス
today_card.py end


rand_member
【今日の部員】
SR東條希(怪談編)
輝いて Can I do! 報酬
[LV MAX]4080/3770/4440
[特技]わしわし
#スクフェス
today_card.py end


rand_member
【今日の部員】
SR高坂穂乃果(サーカス編)
2015年12月31日追加
[LV MAX]4320/4960/3070
[特技]サーカスのステージ
#スクフェス
today_card.py end


rand_member
【今日の部員】
SR桜内梨子(梅雨編)
夜空はなんでも知ってるみたい 報酬
[LV MAX]3900/3570/4690
[特技]ひとつの音楽
#スクフェス
today_card.py end

