|55|高坂穂乃果 :初期|スマイル|4330/3730/3230|4610/4010/3510|笑顔全開！10秒ごとに36%の確率でスコアが300増える|スマイルハートスマイルPが6%UPする|
|56|絢瀬絵里 :初期|クール|3480/3780/4030|3760/4060/4310|ハラショー♪リズムアイコン20個ごとに36%の確率でスコアが300増える|クールハートクールPが6%UPする|
|57|南ことり :初期|ピュア|3630/4320/3340|3910/4600/3620|癒しの女神10秒ごとに36%の確率で体力が2回復する|ピュアハートピュアPが6%UPする|
|58|園田海未 :初期|クール|3830/3300/4160|4110/3580/4440|精神統一10秒ごとに36%の確率で判定が3秒強化される|クールハートクールPが6%UPする|
|59|星空凛 :初期|スマイル|4430/3680/3180|4710/3960/3460|μ'sの元気印リズムアイコン20個ごとに36%の確率で判定が3秒強化される|スマイルハートスマイルPが6%UPする|
|60|西木野真姫 :初期|クール|3260/3630/4400|3540/3910/4680|放課後の歌姫リズムアイコン20個ごとに36%の確率で体力が2回復する|クールハートクールPが6%UPする|
|61|東條希 :初期|ピュア|3470/4130/3690|3750/4410/3970|スピリチュアルパワーコンボ17を達成するごとに36%の確率で判定が3秒強化される|ピュアハートピュアPが6%UPする|
|62|小泉花陽 :初期|ピュア|3770/4350/3170|4050/4630/3450|炊き立てご飯です♪コンボ17を達成するごとに36%の確率でスコアが300増える|ピュアハートピュアPが6%UPする|
|63|矢澤にこ :初期|スマイル|4180/3400/3710|4460/3680/3990|にっこにっこにーコンボ17を達成するごとに36%の確率で体力が2回復する|スマイルハートスマイルPが6%UPする|
|71|高坂穂乃果 :職業編|スマイル|4400/3300/3750|4680/3580/4030|炎の心リズムアイコン26個ごとに36%の確率で体力が3回復する|スマイルハートスマイルPが6%UPする|
|72|東條希 :職業編|ピュア|3710/4230/3510|3990/4510/3790|運命のカード8秒ごとに36%の確率でスコアが250増える|ピュアハートピュアPが6%UPする|
|75|南ことり :動物編|ピュア|3630/4050/3770|3910/4330/4050|ひつじのきもちリズムアイコン10個ごとに36%の確率でスコアが140増える|ピュアハートピュアPが6%UPする|
|77|西木野真姫 :職業編|クール|3610/3390/4450|3890/3670/4730|秘密の診察室コンボ35を達成するごとに36%の確率でスコアが650増える|クールハートクールPが6%UPする|
|78|小泉花陽 :職業編|ピュア|3290/4430/3730|3570/4710/4010|ご注文のお品物です♪18秒ごとに36%の確率で体力が4回復する|ピュアハートピュアPが6%UPする|
|81|園田海未 :動物編|クール|3580/3770/4100|3860/4050/4380|幸運の白うさぎPERFECTを12回達成するごとに36%の確率でスコアが180増える|クールハートクールPが6%UPする|
|86|園田海未 :職業編|クール|3660/3510/4280|3940/3790/4560|ラブバインド14秒ごとに36%の確率で体力が3回復する|クールハートクールPが6%UPする|
|87|星空凛 :職業編|スマイル|4440/3300/3710|4720/3580/3990|凛をご覧下さいにゃ♪PERFECTを26回達成するごとに36%の確率でスコアが470増える|スマイルハートスマイルPが6%UPする|
|90|矢澤にこ :動物編|スマイル|4080/3630/3740|4360/3910/4020|にこは人気者スコア15000を達成するごとに13%の確率でスコアが1120増える|スマイルハートスマイルPが6%UPする|
|92|南ことり :職業編|ピュア|3650/4350/3450|3930/4630/3730|素敵なお菓子リズムアイコン35個ごとに45%の確率で判定が4秒強化される|ピュアハートピュアPが6%UPする|
|93|星空凛 :動物編|スマイル|4480/3570/3400|4760/3850/3680|きまぐれにゃんこリズムアイコン32個ごとに36%の確率で体力が4回復する|スマイルハートスマイルPが6%UPする|
|99|西木野真姫 :動物編|クール|3470/3640/4330|3750/3920/4610|次の獲物はアナタリズムアイコン32個ごとに36%の確率で判定が5秒強化される|クールハートクールPが6%UPする|
|100|矢澤にこ :職業編|スマイル|4310/3510/3630|4590/3790/3910|教えてあげる♪13秒ごとに18%の確率で判定が7.5秒強化される|スマイルハートスマイルPが6%UPする|
|103|絢瀬絵里 :職業編|クール|3670/3460/4320|3950/3740/4600|エリーの懺悔室リズムアイコン28個ごとに42%の確率で判定が3.5秒強化される|クールハートクールPが6%UPする|
|104|東條希 :動物編|ピュア|3630/4450/3370|3910/4730/3650|たぬき寝入り♪12秒ごとに32%の確率で体力が3回復する|ピュアハートピュアPが6%UPする|
|107|高坂穂乃果 :動物編|スマイル|4250/3510/3690|4530/3790/3970|たべちゃうぞ？スコア12000を達成するごとに13%の確率でスコアが920増える|スマイルハートスマイルPが6%UPする|
|122|高坂穂乃果 :8月編|クール|3680/3310/4400|3960/3590/4680|海辺の太陽リズムアイコン20個ごとに40%の確率で判定が2.5秒強化される|クールハートクールPが6%UPする|
|123|絢瀬絵里 :8月編|スマイル|4430/3310/3650|4710/3590/3930|魅惑のマーメイドリズムアイコン22個ごとに27%の確率で判定が4秒強化される|スマイルハートスマイルPが6%UPする|
|124|園田海未 :8月編|ピュア|3300/4470/3620|3580/4750/3900|今日は海未の日♪リズムアイコン28個ごとに36%の確率でスコアが420増える|ピュアハートピュアPが6%UPする|
|125|星空凛 :8月編|クール|3710/3300/4380|3990/3580/4660|夕焼けサマーガールリズムアイコン27個ごとに35%の確率で判定が4.5秒強化される|クールハートクールPが6%UPする|
|129|絢瀬絵里 :動物編|クール|3580/3670/4200|3860/3950/4480|狐の嫁入りコンボ30を達成するごとに36%の確率でスコアが550増える|クールハートクールPが6%UPする|
|131|南ことり :8月編|スマイル|4390/3680/3320|4670/3960/3600|可憐なマリンガールリズムアイコン25個ごとに36%の確率でスコアが365増える|スマイルハートスマイルPが6%UPする|
|132|西木野真姫 :8月編|ピュア|3320/4440/3630|3600/4720/3910|渚の歌姫リズムアイコン18個ごとに36%の確率でスコアが265増える|ピュアハートピュアPが6%UPする|
|133|小泉花陽 :8月編|クール|3270/3710/4410|3550/3990/4690|波打際のプリンセス10秒ごとに18%の確率で判定が5秒強化される|クールハートクールPが6%UPする|
|136|小泉花陽 :動物編|ピュア|3680/4280/3490|3960/4560/3770|不思議なシンパシーPERFECTを33回達成するごとに36%の確率でスコアが625増える|ピュアハートピュアPが6%UPする|
|141|高坂穂乃果 :9月編|ピュア|3600/4370/3420|3880/4650/3700|みんなと夏祭りコンボ26を達成するごとに36%の確率でスコアが455増える|ピュアハートピュアPが6%UPする|
|142|星空凛 :9月編|ピュア|3570/4410/3410|3850/4690/3690|盆踊りするにゃ！リズムアイコン18個ごとに37%の確率で体力が2回復する|ピュアハートピュアPが6%UPする|
|143|西木野真姫 :9月編|スマイル|4390/3330/3670|4670/3610/3950|金魚すくい名人？リズムアイコン24個ごとに24%の確率で判定が5秒強化される|スマイルハートスマイルPが6%UPする|
|144|東條希 :9月編|クール|3330/3630/4430|3610/3910/4710|お祭り娘リズムアイコン30個ごとに36%の確率でスコアが425増える|クールハートクールPが6%UPする|
|150|東條希 :怪談編|クール|3800/3490/4160|4080/3770/4440|わしわし15秒ごとに39%の確率で判定が4秒強化される|クールハートクールPが6%UPする|
|152|絢瀬絵里 :9月編|ピュア|3360/4430/3600|3640/4710/3880|あなたとリンゴ飴PERFECTを29回達成するごとに36%の確率でスコアが525増える|ピュアハートピュアPが6%UPする|
|153|小泉花陽 :9月編|スマイル|4450/3610/3330|4730/3890/3610|夜店めぐり♪リズムアイコン26個ごとに28%の確率で判定が5秒強化される|スマイルハートスマイルPが6%UPする|
|154|矢澤にこ :9月編|クール|3670/3300/4420|3950/3580/4700|夏休みの思い出リズムアイコン23個ごとに36%の確率でスコアが340増える|クールハートクールPが6%UPする|
|157|星空凛 :お月見編|ピュア|3590/4130/3730|3870/4410/4010|お月見するにゃ！リズムアイコン29個ごとに30%の確率で判定が5秒強化される|ピュアハートピュアPが6%UPする|
|161|絢瀬絵里 :10月編|スマイル|4460/3370/3560|4740/3650/3840|おつかれさま！リズムアイコン28個ごとに32%の確率で判定が4.5秒強化される|スマイルハートスマイルPが6%UPする|
|162|園田海未 :10月編|ピュア|3370/4480/3540|3650/4760/3820|敏腕マネージャースコア13500を達成するごとに13%の確率でスコアが1010増える|ピュアハートピュアPが6%UPする|
|163|東條希 :10月編|スマイル|4490/3560/3340|4770/3840/3620|必勝のおまじないPERFECTを16回達成するごとに36%の確率でスコアが260増える|スマイルハートスマイルPが6%UPする|
|164|小泉花陽 :10月編|クール|3330/3590/4470|3610/3870/4750|精一杯の応援リズムアイコン27個ごとに36%の確率でスコアが400増える|クールハートクールPが6%UPする|
|167|西木野真姫 :メイド編|スマイル|4310/3640/3500|4590/3920/3780|ご奉仕してあげる♪コンボ32を達成するごとに36%の確率でスコアが570増える|スマイルハートスマイルPが6%UPする|
|169|南ことり :10月編|スマイル|4480/3610/3300|4760/3890/3580|エンジェルホイッスルリズムアイコン21個ごとに41%の確率で体力が2回復する|スマイルハートスマイルPが6%UPする|
|170|西木野真姫 :10月編|ピュア|3300/4500/3590|3580/4780/3870|一等賞の笑顔リズムアイコン23個ごとに38%の確率で判定が3秒強化される|ピュアハートピュアPが6%UPする|
|171|矢澤にこ :10月編|クール|3570/3310/4510|3850/3590/4790|にこにこサポート8秒ごとに19%の確率で体力が3回復する|クールハートクールPが6%UPする|
|174|絢瀬絵里 :読書編|スマイル|4330/3540/3420|4610/3820/3700|読書の秋14秒ごとに35%の確率で判定が4秒強化される|スマイルハートスマイルPが6%UPする|
|176|高坂穂乃果 :11月編|クール|3560/3360/4470|3840/3640/4750|至福のつまみ食い18秒ごとに40%の確率で判定が4.5秒強化される|クールハートクールPが6%UPする|
|177|絢瀬絵里 :11月編|ピュア|3300/4490/3600|3580/4770/3880|特製ボルシチ16秒ごとに27%の確率で体力が4回復する|ピュアハートピュアPが6%UPする|
|178|南ことり :11月編|スマイル|4460/3540/3390|4740/3820/3670|はい、あーん♪8秒ごとに28%の確率でスコアが310増える|スマイルハートスマイルPが6%UPする|
|179|矢澤にこ :11月編|ピュア|3690/4430/3270|3970/4710/3550|家庭的アイドルPERFECTを22回達成するごとに36%の確率でスコアが395増える|ピュアハートピュアPが6%UPする|
|182|南ことり :保健委員編|クール|3520/3410/4360|3800/3690/4640|保健室の天使スコア18000達成ごとに14%の確率でスコアが1250増える|クールハートクールPが6%UPする|
|184|園田海未 :11月編|スマイル|4480/3320/3590|4760/3600/3870|食物への感謝リズムアイコン31個ごとに35%の確率で判定が4.5秒強化される|スマイルハートスマイルPが6%UPする|
|185|星空凛 :11月編|ピュア|3610/4450/3330|3890/4730/3610|お手製ラーメンリズムアイコン35個ごとに36%の確率でスコアが500増える|ピュアハートピュアPが6%UPする|
|186|東條希 :11月編|クール|3370/3510/4510|3650/3790/4790|開運フルコースリズムアイコン24個ごとに32%の確率で体力が3回復する|クールハートクールPが6%UPする|
|189|高坂穂乃果 :穂むら編|ピュア|3350/4340/3600|3630/4620/3880|穂むらの看板娘リズムアイコン30個ごとに43%の確率で判定が3.5秒強化される|ピュアハートピュアPが6%UPする|
|192|園田海未 :12月編|スマイル|4550/3220/3620|4830/3500/3900|きよしこの夜コンボ22を達成するごとに33%の確率でスコアが420増える|スマイルハートスマイルPが6%UPする|
|193|星空凛 :12月編|クール|3580/3240/4570|3860/3520/4850|クリスマス・ベル12秒ごとに35%の確率でスコアが370増える|クールハートクールPが6%UPする|
|194|西木野真姫 :12月編|スマイル|4590/3160/3640|4870/3440/3920|クリスマスキャロル17秒ごとに38%の確率で体力が3回復する|スマイルハートスマイルPが6%UPする|
|195|矢澤にこ :12月編|ピュア|3630/4580/3180|3910/4860/3460|良い子のクリスマスリズムアイコン25個ごとに26%の確率で体力が4回復する|ピュアハートピュアPが6%UPする|
|198|小泉花陽 :スケート編|クール|3630/3330/4330|3910/3610/4610|リンクの妖精PERFECTを27回達成するごとに35%の確率でスコアが505増える|クールハートクールPが6%UPする|
|200|高坂穂乃果 :12月編|ピュア|3670/4560/3160|3950/4840/3440|キャンドルナイトPERFECTを25回達成するごとに36%の確率でスコアが450増える|ピュアハートピュアPが6%UPする|
|201|南ことり :12月編|クール|3200/3590/4600|3480/3870/4880|ホワイトクリスマスリズムアイコン30個ごとに41%の確率で判定が3.5秒強化される|クールハートクールPが6%UPする|
|202|小泉花陽 :12月編|スマイル|4580/3580/3230|4860/3860/3510|クリスマスのごちそう11秒ごとに40%の確率で判定が2.5秒強化される|スマイルハートスマイルPが6%UPする|
|206|園田海未 :雪娘編|ピュア|3560/4370/3360|3840/4650/3640|雪の降る夜にスターアイコンPERFECT1回ごと26%の確率でスコアが120増える|ピュアハートピュアPが6%UPする|
|210|南ことり :1月編|ピュア|3260/4620/3510|3540/4900/3790|素敵な初夢リズムアイコン24個ごとに46%の確率で体力が2回復する|ピュアハートピュアPが6%UPする|
|211|星空凛 :1月編|スマイル|4590/3490/3310|4870/3770/3590|今年は大吉！リズムアイコン17個ごとに36%の確率でスコアが250増える|スマイルハートスマイルPが6%UPする|
|212|東條希 :1月編|スマイル|4580/3540/3270|4860/3820/3550|新年のおまじないリズムアイコン27個ごとに37%の確率で判定が3.5秒強化される|スマイルハートスマイルPが6%UPする|
|213|矢澤にこ :1月編|クール|3530/3290/4570|3810/3570/4850|福娘ここにありリズムアイコン22個ごとに43%の確率で判定が2.5秒強化される|クールハートクールPが6%UPする|
|217|矢澤にこ :おせち編|スマイル|4410/3600/3440|4690/3880/3720|手作りおせち6秒ごとに26%の確率でスコアが220増える|スマイルハートスマイルPが6%UPする|
|219|絢瀬絵里 :1月編|クール|3520/3280/4590|3800/3560/4870|内緒のお年玉リズムアイコン15個ごとに29%の確率で体力が2回復する|クールハートクールPが6%UPする|
|220|西木野真姫 :1月編|ピュア|3210/4570/3610|3490/4850/3890|年に一度の晴れ姿8秒ごとに21%の確率で判定が4秒強化される|ピュアハートピュアPが6%UPする|
|221|小泉花陽 :1月編|スマイル|4610/3470/3310|4890/3750/3590|お餅もお米リズムアイコン29個ごとに39%の確率で体力が3回復する|スマイルハートスマイルPが6%UPする|
|224|東條希 :巫女編|クール|3640/3500/4310|3920/3780/4590|願いを込めてリズムアイコン33個ごとに40%の確率でスコアが420増える|クールハートクールPが6%UPする|
|245|高坂穂乃果 :2月編|スマイル|4600/3560/3230|4880/3840/3510|動物がいっぱいリズムアイコン19個ごとに36%の確率で体力が2回復する|スマイルハートスマイルPが6%UPする|
|246|園田海未 :2月編|スマイル|4580/3280/3530|4860/3560/3810|秘めた想いリズムアイコン24個ごとに47%の確率で判定が2.5秒強化される|スマイルハートスマイルPが6%UPする|
|247|星空凛 :2月編|クール|3610/3250/4530|3890/3530/4810|凛のひみつコンボ24を達成するごとに36%の確率でスコアが400増える|クールハートクールPが6%UPする|
|248|小泉花陽 :2月編|ピュア|3250/4560/3580|3530/4840/3860|ドキドキバレンタイン10秒ごとに33%の確率でスコアが325増える|ピュアハートピュアPが6%UPする|
|252|星空凛 :妖精編|ピュア|3430/4360/3660|3710/4640/3940|冬の思い出♪PERFECTを17回達成するごとに28%の確率でスコアが350増える|ピュアハートピュアPが6%UPする|
|254|絢瀬絵里 :2月編|ピュア|3290/4540/3560|3570/4820/3840|一粒チョコレートコンボ20を達成するごとに40%の確率でスコアが310増える|ピュアハートピュアPが6%UPする|
|255|南ことり :2月編|クール|3190/3630/4570|3470/3910/4850|口溶けスイーツ♪13秒ごとに41%の確率で判定が3秒強化される|クールハートクールPが6%UPする|
|256|東條希 :2月編|スマイル|4620/3450/3320|4900/3730/3600|ハッピーバレンタインリズムアイコン17個ごとに32%の確率で体力が2回復する|スマイルハートスマイルPが6%UPする|
|259|西木野真姫 :節分編|スマイル|4390/3620/3280|4670/3900/3560|鬼はうち11秒ごとに33%の確率でスコアが330増える|スマイルハートスマイルPが6%UPする|
|261|高坂穂乃果 :3月編|クール|3730/3270/4490|4010/3550/4770|おひさまパワー☆コンボ18を達成するごとに32%の確率でスコアが350増える|クールハートクールPが6%UPする|
|262|絢瀬絵里 :3月編|スマイル|4560/3240/3690|4840/3520/3970|音ノ木坂のお姉さん11秒ごとに40%の確率で体力が2回復する|スマイルハートスマイルPが6%UPする|
|263|園田海未 :3月編|クール|3250/3710/4530|3530/3990/4810|雪どけの季節リズムアイコン27個ごとに27%の確率で体力が4回復する|クールハートクールPが6%UPする|
|264|東條希 :3月編|ピュア|3220/4510/3760|3500/4790/4040|新しい風リズムアイコン26個ごとに32%の確率で判定が4秒強化される|ピュアハートピュアPが6%UPする|
|267|矢澤にこ :ひな祭り編|ピュア|3270/4430/3540|3550/4710/3820|女の子の好きなもの9秒ごとに35%の確率で判定が2.5秒強化される|ピュアハートピュアPが6%UPする|
|269|南ことり :3月編|スマイル|4580/3650/3260|4860/3930/3540|ことりのまくら♪13秒ごとに31%の確率で体力が3回復する|スマイルハートスマイルPが6%UPする|
|270|西木野真姫 :3月編|ピュア|3240/4480/3770|3520/4760/4050|募る想いリズムアイコン24個ごとに28%の確率でスコアが450増える|ピュアハートピュアPが6%UPする|
|271|矢澤にこ :3月編|クール|3700/3270/4520|3980/3550/4800|挑戦者にこ9秒ごとに27%の確率でスコアが355増える|クールハートクールPが6%UPする|
|274|南ことり :野鳥観察編|クール|3460/3390/4390|3740/3670/4670|綺麗なことりさんコンボ25を達成するごとに34%の確率でスコアが450増える|クールハートクールPが6%UPする|
|276|高坂穂乃果 :4月編|ピュア|3690/4540/3260|3970/4820/3540|やっぱり幸せ！12秒ごとに34%の確率で判定が3.5秒強化される|ピュアハートピュアPが6%UPする|
|277|南ことり :4月編|ピュア|3260/4520/3710|3540/4800/3990|甘みたっぷり☆12秒ごとに40%の確率でスコアが325増える|ピュアハートピュアPが6%UPする|
|278|星空凛 :4月編|スマイル|4500/3240/3750|4780/3520/4030|スイートラーメンコンボ28を達成するごとに36%の確率でスコアが480増える|スマイルハートスマイルPが6%UPする|
|279|小泉花陽 :4月編|クール|3220/3720/4550|3500/4000/4830|まかせてください！リズムアイコン33個ごとに35%の確率で体力が4回復する|クールハートクールPが6%UPする|
|282|西木野真姫 :お花見編|クール|3390/3430/4420|3670/3710/4700|桜の木の下でリズムアイコン25個ごとに41%の確率でスコアが310増える|クールハートクールPが6%UPする|
|293|西木野真姫 :4月編|スマイル|4590/3270/3630|4870/3550/3910|フルーツガールリズムアイコン23個ごとに29%の確率で体力が3回復する|スマイルハートスマイルPが6%UPする|
|294|東條希 :4月編|クール|3260/3670/4560|3540/3950/4840|自然の恵み♪17秒ごとに38%の確率で判定が4.5秒強化される|クールハートクールPが6%UPする|
|295|矢澤にこ :4月編|ピュア|3620/4530/3340|3900/4810/3620|スイーツアイドルコンボ29を達成するごとに34%の確率でスコアが530増える|ピュアハートピュアPが6%UPする|
|308|小泉花陽 :潮干狩り編|ピュア|3330/4400/3510|3610/4680/3790|ご飯とお味噌汁リズムアイコン24個ごとに36%の確率で判定が3秒強化される|ピュアハートピュアPが6%UPする|
|311|園田海未 :5月編|スマイル|4570/3220/3700|4850/3500/3980|海未の恩返し18秒ごとに31%の確率で体力が4回復する|スマイルハートスマイルPが6%UPする|
|312|星空凛 :5月編|クール|3740/3240/4510|4020/3520/4790|魔法のランプリズムアイコン37個ごとに40%の確率で判定が4.5秒強化される|クールハートクールPが6%UPする|
|313|西木野真姫 :5月編|クール|3280/3680/4530|3560/3960/4810|目覚めの口づけリズムアイコン25個ごとに34%の確率で体力が3回復する|クールハートクールPが6%UPする|
|314|東條希 :5月編|ピュア|3310/4460/3720|3590/4740/4000|塔の中の乙女コンボ33を達成するごとに37%の確率でスコアが560増える|ピュアハートピュアPが6%UPする|
|317|園田海未 :端午の節句編|ピュア|3440/4440/3360|3720/4720/3640|勇敢なる乙女リズムアイコン20個ごとに29%の確率でスコアが350増える|ピュアハートピュアPが6%UPする|
|319|高坂穂乃果 :5月編|クール|3700/3250/4540|3980/3530/4820|とろーりチーズ♪10秒ごとに26%の確率で体力が3回復する|クールハートクールPが6%UPする|
|320|絢瀬絵里 :5月編|ピュア|3320/4530/3640|3600/4810/3920|魔法が解けても12秒ごとに30%の確率でスコアが430増える|ピュアハートピュアPが6%UPする|
|321|矢澤にこ :5月編|スマイル|4510/3680/3300|4790/3960/3580|食べちゃダメよ？リズムアイコン23個ごとに32%の確率で判定が3.5秒強化される|スマイルハートスマイルPが6%UPする|
|324|高坂穂乃果 :ハイキング編|スマイル|4380/3560/3300|4660/3840/3580|ゆっくり行こう！リズムアイコン28個ごとに38%の確率でスコアが375増える|スマイルハートスマイルPが6%UPする|
|326|園田海未 :6月編|ピュア|3240/4560/3540|3520/4840/3820|寄り添いポーズリズムアイコン21個ごとに34%の確率で判定が3秒強化される|ピュアハートピュアPが6%UPする|
|327|星空凛 :6月編|ピュア|3510/4580/3250|3790/4860/3530|大人みたい♪リズムアイコン20個ごとに25%の確率で体力が3回復する|ピュアハートピュアPが6%UPする|
|328|東條希 :6月編|スマイル|4540/3530/3270|4820/3810/3550|空想ブライダルリズムアイコン23個ごとに32%の確率でスコアが370増える|スマイルハートスマイルPが6%UPする|
|329|矢澤にこ :6月編|クール|3480/3270/4590|3760/3550/4870|人気モデルにこ♪11秒ごとに29%の確率でスコアが360増える|クールハートクールPが6%UPする|
|332|星空凛 :梅雨編|スマイル|4400/3310/3530|4680/3590/3810|おっきな水たまりコンボ17を達成するごとに27%の確率でスコアが385増える|スマイルハートスマイルPが6%UPする|
|343|南ことり :6月編|クール|3260/3460/4620|3540/3740/4900|ことりデザインリズムアイコン28個ごとに28%の確率で体力が4回復する|クールハートクールPが6%UPする|
|344|西木野真姫 :6月編|ピュア|3220/4550/3570|3500/4830/3850|付き添いパーティ♪リズムアイコン30個ごとに35%の確率でスコアが450増える|ピュアハートピュアPが6%UPする|
|345|小泉花陽 :6月編|スマイル|4590/3540/3210|4870/3820/3490|はじめてのドレス16秒ごとに34%の確率で判定が4.5秒強化される|スマイルハートスマイルPが6%UPする|
|350|絢瀬絵里 :通り雨編|クール|3510/3350/4380|3790/3630/4660|キミとの時間PERFECTを20回達成するごとに31%の確率でスコアが380増える|クールハートクールPが6%UPする|
|354|高坂穂乃果 :7月編|ピュア|3540/4570/3230|3820/4850/3510|ゆらゆらダンスリズムアイコン25個ごとに38%の確率で判定が3秒強化される|ピュアハートピュアPが6%UPする|
|355|園田海未 :7月編|スマイル|4580/3240/3520|4860/3520/3800|海のお友達リズムアイコン27個ごとに40%の確率でスコアが355増える|スマイルハートスマイルPが6%UPする|
|356|星空凛 :7月編|クール|3600/3190/4550|3880/3470/4830|ホントの人魚7秒ごとに25%の確率でスコアが295増える|クールハートクールPが6%UPする|
|357|矢澤にこ :7月編|スマイル|4600/3530/3210|4880/3810/3490|虜にしちゃう☆14秒ごとに25%の確率で体力が4回復する|スマイルハートスマイルPが6%UPする|
|360|東條希 :キャンペーンガール編|スマイル|4450/3320/3470|4730/3600/3750|ホッと一息♪15秒ごとに39%の確率でスコアが385増える|スマイルハートスマイルPが6%UPする|
|364|絢瀬絵里 :7月編|ピュア|3170/4600/3570|3450/4880/3850|人魚姫の強さリズムアイコン25個ごとに33%の確率でスコアが390増える|ピュアハートピュアPが6%UPする|
|365|南ことり :7月編|スマイル|4580/3600/3160|4860/3880/3440|カラフルうろこ15秒ごとに42%の確率で判定が3.5秒強化される|スマイルハートスマイルPが6%UPする|
|366|小泉花陽 :7月編|クール|3230/3490/4620|3510/3770/4900|マーメイドアイドル16秒ごとに37%の確率で体力が3回復する|クールハートクールPが6%UPする|
|369|南ことり :水着編|ピュア|3540/4360/3340|3820/4640/3620|夏のウォーターガールPERFECTを23回達成するごとに25%の確率でスコアが525増える|ピュアハートピュアPが6%UPする|
|374|高坂穂乃果 :チャイナドレス編|クール|3600/3040/4550|3880/3320/4830|世界のありがとうリズムアイコン23個ごとに42%の確率で体力が2回復する|クールハートクールPが6%UPする|
|375|絢瀬絵里 :チャイナドレス編|スマイル|4470/3090/3630|4750/3370/3910|いつもと違う私コンボ27を達成するごとに40%の確率でスコアが430増える|スマイルハートスマイルPが6%UPする|
|376|星空凛 :チャイナドレス編|ピュア|3600/4510/3080|3880/4790/3360|最強カンフーアイドルリズムアイコン22個ごとに30%の確率で判定が3.5秒強化される|ピュアハートピュアPが6%UPする|
|377|東條希 :チャイナドレス編|クール|3110/3590/4490|3390/3870/4770|香ばしき中国茶16秒ごとに40%の確率で判定が3秒強化される|クールハートクールPが6%UPする|
|392|矢澤にこ :水着編|ピュア|3360/4450/3430|3640/4730/3710|スク水にこ♪リズムアイコン26個ごとに36%の確率でスコアが365増える|ピュアハートピュアPが6%UPする|
|394|園田海未 :チャイナドレス編|クール|3610/3100/4480|3890/3380/4760|笑顔をあげたいPERFECTを19回達成するごとに33%の確率でスコアが370増える|クールハートクールPが6%UPする|
|395|西木野真姫 :チャイナドレス編|スマイル|4570/3020/3600|4850/3300/3880|オーダーメイド15秒ごとに33%の確率で体力が3回復する|スマイルハートスマイルPが6%UPする|
|396|小泉花陽 :チャイナドレス編|ピュア|3660/4530/3000|3940/4810/3280|スリットの秘密リズムアイコン29個ごとに37%の確率でスコアが415増える|ピュアハートピュアPが6%UPする|
|399|西木野真姫 :怪談編|クール|3490/3350/4400|3770/3630/4680|おばけなんてキライ！コンボ22を達成するごとに23%の確率でスコアが580増える|クールハートクールPが6%UPする|
|404|南ことり :カフェメイド編|クール|3260/3510/4700|3540/3790/4980|後ろも見てね♪20秒ごとに31%の確率で体力が4回復する|クールハートクールPが6%UPする|
|405|西木野真姫 :カフェメイド編|クール|3170/3730/4610|3450/4010/4890|お絵かきホットケーキ15秒ごとに30%の確率で判定が4秒強化される|クールハートクールPが6%UPする|
|406|東條希 :カフェメイド編|スマイル|4570/3640/3020|4850/3920/3300|じゃんけんゲームリズムアイコン20個ごとに33%の確率で体力が2回復する|スマイルハートスマイルPが6%UPする|
|407|矢澤にこ :カフェメイド編|ピュア|3720/4510/3300|4000/4790/3580|クッキングパワー☆コンボ30を達成するごとに37%の確率でスコアが450増える|ピュアハートピュアPが6%UPする|
|410|高坂穂乃果 :お祭り編|スマイル|4480/3700/3000|4760/3980/3280|お祭りはっぴリズムアイコン25個ごとに42%の確率で判定が3秒強化される|スマイルハートスマイルPが6%UPする|
|412|高坂穂乃果 :カフェメイド編|ピュア|3670/4610/2980|3950/4890/3260|メイド見習い9秒ごとに25%の確率で体力が2回復する|ピュアハートピュアPが6%UPする|
|413|絢瀬絵里 :カフェメイド編|クール|3000/3680/4550|3280/3960/4830|ほどけたリボン19秒ごとに49%の確率で判定が3秒強化される|クールハートクールPが6%UPする|
|414|小泉花陽 :カフェメイド編|スマイル|4580/3720/2930|4860/4000/3210|着てもかわいい！コンボ19を達成するごとに32%の確率でスコアが355増える|スマイルハートスマイルPが6%UPする|
|417|園田海未 :ヒーロー編|クール|3290/3520/4410|3570/3800/4690|ヒーロー登場！9秒ごとに15%の確率でスコアが600増える|クールハートクールPが6%UPする|
|422|高坂穂乃果 :ハロウィン編|スマイル|4630/2950/3720|4910/3230/4000|とことん遊ぼう！13秒ごとに50%の確率でスコアが260増える|スマイルハートスマイルPが6%UPする|
|423|園田海未 :ハロウィン編|ピュア|3210/4500/3550|3490/4780/3830|二人でデート8秒ごとに32%の確率で判定が2秒強化される|ピュアハートピュアPが6%UPする|
|424|西木野真姫 :ハロウィン編|ピュア|3080/4520/3780|3360/4800/4060|照れ隠しハロウィン16秒ごとに73%の確率で体力が1回復する|ピュアハートピュアPが6%UPする|
|425|矢澤にこ :ハロウィン編|クール|3720/3160/4550|4000/3440/4830|みんなを元気に♪リズムアイコン16個ごとに19%の確率で体力が3回復する|クールハートクールPが6%UPする|
|428|小泉花陽 :実りの秋編|クール|3870/2970/4430|4150/3250/4710|豊穣の女神14秒ごとに55%の確率で判定が2.5秒強化される|クールハートクールPが6%UPする|
|439|絢瀬絵里 :ハロウィン編|スマイル|4620/2920/3730|4900/3200/4010|イタズラしちゃうぞ？リズムアイコン19個ごとに24%の確率でスコアが420増える|スマイルハートスマイルPが6%UPする|
|440|南ことり :ハロウィン編|ピュア|2990/4590/3650|3270/4870/3930|イタズラしません！18秒ごとに35%の確率で判定が5秒強化される|ピュアハートピュアPが6%UPする|
|441|星空凛 :ハロウィン編|クール|3450/3300/4630|3730/3580/4910|言うこと聞くにゃ！11秒ごとに20%の確率で体力が4回復する|クールハートクールPが6%UPする|
|448|星空凛 :猫娘編|スマイル|4420/3580/3280|4700/3860/3560|妖怪にゃんこリズムアイコン22個ごとに40%の確率でスコアが290増える|スマイルハートスマイルPが6%UPする|
|452|高坂穂乃果 :星座編|ピュア|3770/4590/2990|4050/4870/3270|みんなで一緒に……♪リズムアイコン31個ごとに33%の確率でスコアが480増える|ピュアハートピュアPが6%UPする|
|453|南ことり :星座編|スマイル|4580/3690/3000|4860/3970/3280|歌声を響かせてコンボ21を達成するごとに40%の確率でスコアが320増える|スマイルハートスマイルPが6%UPする|
|454|東條希 :星座編|クール|3350/3490/4600|3630/3770/4880|幸せな双子16秒ごとに58%の確率で体力が2回復する|クールハートクールPが6%UPする|
|455|小泉花陽 :星座編|スマイル|4620/3770/2970|4900/4050/3250|感動です！リズムアイコン25個ごとに20%の確率で判定が5秒強化される|スマイルハートスマイルPが6%UPする|
|458|絢瀬絵里 :ハンドメイド編|スマイル|4360/3660/3260|4640/3940/3540|二人でアクセ作り♪9秒ごとに19%の確率でスコアが500増える|スマイルハートスマイルPが6%UPする|
|460|絢瀬絵里 :星座編|ピュア|3070/4630/3770|3350/4910/4050|正義、審判せず？リズムアイコン22個ごとに19%の確率で体力が4回復する|ピュアハートピュアPが6%UPする|
|461|園田海未 :星座編|クール|3160/3600/4540|3440/3880/4820|夜の星見リズムアイコン33個ごとに59%の確率で判定が3秒強化される|クールハートクールPが6%UPする|
|462|矢澤にこ :星座編|スマイル|4620/2910/3780|4900/3190/4060|矢澤にこの輝きコンボ23を達成するごとに56%の確率でスコアが250増える|スマイルハートスマイルPが6%UPする|
|469|東條希 :妖精編|ピュア|3520/4430/3230|3800/4710/3510|百発百中！10秒ごとに29%の確率で判定が4秒強化される|ピュアハートピュアPが6%UPする|
|472|園田海未 :雪山編|スマイル|4600/3090/3650|4880/3370/3930|雪山特訓17秒ごとに34%の確率で判定が5秒強化される|スマイルハートスマイルPが6%UPする|
|473|東條希 :雪山編|ピュア|3740/4610/3060|4020/4890/3340|温泉卓球♪リズムアイコン30個ごとに32%の確率で体力が4回復する|ピュアハートピュアPが6%UPする|
|474|小泉花陽 :雪山編|クール|2840/3820/4650|3120/4100/4930|転びますっ……！コンボ25を達成するごとに26%の確率でスコアが560増える|クールハートクールPが6%UPする|
|475|矢澤にこ :雪山編|クール|3720/3040/4560|4000/3320/4840|温泉のマドンナリズムアイコン17個ごとに28%の確率で判定が4秒強化される|クールハートクールPが6%UPする|
|478|西木野真姫 :サンタ編|ピュア|3520/4460/3260|3800/4740/3540|当然のおもてなしリズムアイコン30個ごとに37%の確率で判定が4秒強化される|ピュアハートピュアPが6%UPする|
|480|絢瀬絵里 :雪山編|クール|3830/2920/4600|4110/3200/4880|手加減しないから♪リズムアイコン17個ごとに21%の確率でスコアが470増える|クールハートクールPが6%UPする|
|481|星空凛 :雪山編|ピュア|3630/4500/3290|3910/4780/3570|凛のスノボレッスン12秒ごとに29%の確率で体力が3回復する|ピュアハートピュアPが6%UPする|
|482|西木野真姫 :雪山編|スマイル|4600/2990/3770|4880/3270/4050|今日はゲレンデで9秒ごとに30%の確率で判定が3秒強化される|スマイルハートスマイルPが6%UPする|
|490|矢澤にこ :天使編|スマイル|4430/3530/3320|4710/3810/3600|にこにーエンジェルリズムアイコン25個ごとに49%の確率でスコアが250増える|スマイルハートスマイルPが6%UPする|
|503|高坂穂乃果 :七福神編|クール|3740/2910/4660|4020/3190/4940|目指せ大漁♪PERFECTを18回達成するごとに38%の確率でスコアが300増える|クールハートクールPが6%UPする|
|504|南ことり :七福神編|ピュア|3790/4640/3020|4070/4920/3300|幸せの大袋15秒ごとに45%の確率で体力が2回復する|ピュアハートピュアPが6%UPする|
|505|東條希 :七福神編|スマイル|4630/3820/2900|4910/4100/3180|ありがたーい神様12秒ごとに30%の確率で判定が4秒強化される|スマイルハートスマイルPが6%UPする|
|506|小泉花陽 :七福神編|ピュア|2930/4620/3850|3210/4900/4130|幸せの神様リズムアイコン17個ごとに22%の確率で体力が3回復する|ピュアハートピュアPが6%UPする|
|509|南ことり:おせち編|クール|3590/3250/4440|3870/3530/4720|幸せの香り11秒ごとに33%の確率で判定が3秒強化される|クールハートクールPが6%UPする|
|511|園田海未 :七福神編|ピュア|3090/4580/3790|3370/4860/4070|勝負事ならおまかせ！11秒ごとに48%の確率で体力が2回復する|ピュアハートピュアPが6%UPする|
|512|星空凛 :七福神編|スマイル|4640/3620/3140|4920/3900/3420|じゅろうじん16秒ごとに38%の確率で判定が4秒強化される|スマイルハートスマイルPが6%UPする|
|513|西木野真姫 :七福神編|クール|3810/2890/4680|4090/3170/4960|芸術と智の女神PERFECTを24回達成するごとに30%の確率でスコアが520増える|クールハートクールPが6%UPする|
|523|小泉花陽 :妖精編|スマイル|4510/2980/3790|4790/3260/4070|雪の精14秒ごとに46%の確率でスコアが300増える|スマイルハートスマイルPが6%UPする|
|527|高坂穂乃果 :バレンタイン編|スマイル|4630/3880/2880|4910/4160/3160|二人で味見20秒ごとに43%の確率で判定が3.5秒強化される|スマイルハートスマイルPが6%UPする|
|528|絢瀬絵里 :バレンタイン編|クール|2840/3900/4700|3120/4180/4980|二人で食べたい♪20秒ごとに19%の確率で体力が6回復する|クールハートクールPが6%UPする|
|529|西木野真姫 :バレンタイン編|ピュア|2950/4610/3860|3230/4890/4140|ちょっと考え事リズムアイコン33個ごとに66%の確率で体力が2回復する|ピュアハートピュアPが6%UPする|
|530|小泉花陽 :バレンタイン編|クール|2870/3840/4640|3150/4120/4920|女の子のチョコレートPERFECTを14回達成するごとに15%の確率でスコアが550増える|クールハートクールPが6%UPする|
|533|高坂穂乃果:節分編|クール|3160/3700/4400|3440/3980/4680|豆を避ける！リズムアイコン18個ごとに46%の確率で判定が2秒強化される|クールハートクールPが6%UPする|
|535|南ことり:バレンタイン編|クール|2930/3840/4690|3210/4120/4970|特別な日14秒ごとに53%の確率で体力が2回復する|クールハートクールPが6%UPする|
|536|園田海未 :バレンタイン編|スマイル|4550/3040/3770|4830/3320/4050|二人のそばにPERFECTを20回達成するごとに27%の確率でスコアが475増える|スマイルハートスマイルPが6%UPする|
|537|矢澤にこ :バレンタイン編|ピュア|3770/4640/2990|4050/4920/3270|世界でたった一つリズムアイコン31個ごとに50%の確率で判定が3秒強化される|ピュアハートピュアPが6%UPする|
|542|東條希 :雪うさぎ編|ピュア|3250/4470/3500|3530/4750/3780|あったか雪うさぎリズムアイコン30個ごとに30%の確率でスコアが500増える|ピュアハートピュアPが6%UPする|
|545|絢瀬絵里 :ホワイトデー編|ピュア|2870/4660/3950|3150/4940/4230|クマくんと一緒♪9秒ごとに45%の確率で判定が2秒強化される|ピュアハートピュアPが6%UPする|
|546|南ことり :ホワイトデー編|ピュア|3140/4630/3670|3420/4910/3950|大好きの魔法コンボ32を達成するごとに63%の確率でスコアが320増える|ピュアハートピュアPが6%UPする|
|547|星空凛:ホワイトデー編|クール|3890/2930/4680|4170/3210/4960|輝くチョコレート！！リズムアイコン22個ごとに37%の確率で体力が2回復する|クールハートクールPが6%UPする|
|548|西木野真姫 :ホワイトデー編|スマイル|4640/2910/3910|4920/3190/4190|にこちゃんのチョコPERFECTを25回達成するごとに65%の確率でスコアが245増える|スマイルハートスマイルPが6%UPする|
|551|絢瀬絵里 :ひな祭り編|クール|3170/3570/4560|3450/3850/4840|キミの心に届けたい11秒ごとに25％の確率で判定が4秒強化される|クールハートクールPが6%UPする|
|553|高坂穂乃果 :ホワイトデー編|ピュア|3930/4640/2930|4210/4920/3210|おひさま穂乃果リズムアイコン33個ごとに46%の確率で体力が3回復する|ピュアハートピュアPが6%UPする|
|554|東條希:ホワイトデー編|クール|2960/3870/4610|3240/4150/4890|お揃いクマちゃんコンボ20を達成するごとに43%の確率でスコアが290増える|クールハートクールPが6%UPする|
|555|矢澤にこ :ホワイトデー編|スマイル|4620/3820/3030|4900/4100/3310|びっくりホワイトデー14秒ごとに47%の確率で判定が3秒強化される|スマイルハートスマイルPが6%UPする|
|558|星空凛 :キャッチボール編|スマイル|4440/3350/3530|4720/3630/3810|二人でキャッチボールリズムアイコン20個ごとに50％の確率で判定が2秒強化される|スマイルハートスマイルPが6%UPする|
|561|高坂穂乃果 :職業編Part2|スマイル|4650/2840/3940|4930/3120/4220|早口言葉もまかせて！リズムアイコン15個ごとに20%の確率でスコアが390増える|スマイルハートスマイルPが6%UPする|
|562|星空凛 :職業編Part2|ピュア|3830/4610/2990|4110/4890/3270|おでこコッツンコンボ25を達成するごとに40%の確率でスコアが380増える|ピュアハートピュアPが6%UPする|
|563|西木野真姫:職業編Part2|クール|2840/3930/4700|3120/4210/4980|あなたの旅をサポート18秒ごとに45%の確率で判定が4秒強化される|クールハートクールPが6%UPする|
|564|東條希 :職業編Part2|スマイル|4640/3920/2940|4920/4200/3220|迎えに行くからね8秒ごとに33%の確率で体力が2回復する|スマイルハートスマイルPが6%UPする|
|567|園田海未 :お花見編|ピュア|3570/4480/3270|3850/4760/3550|あなたと一緒なら・・・13秒ごとに64％の確率で判定が2秒強化される|ピュアハートピュアPが6%UPする|
|578|園田海未:職業編Part2|クール|3820/2980/4630|4100/3260/4910|シスター体験コンボ23を達成するごとに33%の確率でスコアが420増える|クールハートクールPが6%UPする|
|579|小泉花陽 :職業編Part2|スマイル|4640/3890/2900|4920/4170/3180|ご案内しますっリズムアイコン33個ごとに57%の確率でスコアが300増える|スマイルハートスマイルPが6%UPする|
|580|矢澤にこ :職業編Part2|ピュア|3870/4660/2970|4150/4940/3250|美しい花17秒ごとに28%の確率で体力が4回復する|ピュアハートピュアPが6%UPする|
|583|南ことり :イースター編|スマイル|4470/3190/3640|4750/3470/3920|たまごを交換♪PERFECTを8回達成するごとに20％の確率でスコアが220増える|スマイルハートスマイルPが6%UPする|
|586|南ことり :サイバー編|スマイル|4610/3720/3150|4890/4000/3430|かわいいお洋服♪リズムアイコン34個ごとに34％の確率で判定が5秒強化される|スマイルハートスマイルPが6%UPする|
|587|園田海未 :サイバー編|スマイル|4620/3020/3870|4900/3300/4150|スカート丈に要注意！リズムアイコン25個ごとに52％の確率で体力が2回復する|スマイルハートスマイルPが6%UPする|
|588|星空凛 :サイバー編|クール|3850/2900/4690|4130/3180/4970|放課後ひとりじめ！PERFECT16回達成するごとに67％の確率でスコアが140増える|クールハートクールPが6%UPする|
|589|東條希 :サイバー編|ピュア|2900/4670/3950|3180/4950/4230|ふかふかパンケーキ20秒ごとに59％の確率で体力が2回復する|ピュアハートピュアPが6%UPする|
|595|西木野真姫 :ミリタリー編|クール|3170/3570/4560|3450/3850/4840|褒めてあげるからリズムアイコン24個ごとに27％の確率でスコアが440増える|クールハートクールPが6%UPする|
|597|絢瀬絵里 :サイバー編|スマイル|4640/2880/4000|4920/3160/4280|純粋な気持ちでリズムアイコン14個ごとに27％の確率で体力が2回復する|スマイルハートスマイルPが6%UPする|
|598|西木野真姫 :サイバー編|ピュア|2870/4660/3920|3150/4940/4200|拭いてあげるコンボ29達成するごとに62％の確率でスコアが290増える|ピュアハートピュアPが6%UPする|
|599|小泉花陽 :サイバー編|クール|2880/3940/4670|3160/4220/4950|映画に集中！19秒ごとに43％の確率で判定が4秒強化される|クールハートクールPが6%UPする|
|602|小泉花陽 :探偵編|スマイル|4490/2990/3840|4770/3270/4120|大事件です！リズムアイコン30個ごとに50％の確率で判定が3秒強化される|スマイルハートスマイルPが6%UPする|
|604|高坂穂乃果 :手品師編|スマイル|4680/3990/2830|4960/4270/3110|あなたのことだけ10秒ごとに45％の確率で判定が2秒強化される|スマイルハートスマイルPが6%UPする|
|605|絢瀬絵里 :手品師編|クール|3950/2810/4700|4230/3090/4980|素敵なシルクハットコンボ21を達成するごとに26％の確率スコアが500増える|クールハートクールPが6%UPする|
|606|園田海未 :手品師編|クール|2950/3870/4710|3230/4150/4990|わくわく手品リズムアイコン18個ごとに25％の確率で体力が3回復する|クールハートクールPが6%UPする|
|607|小泉花陽 :手品師編|ピュア|3900/4700/2890|4180/4980/3170|ポーカーフェイスで！リズムアイコン28個ごとに58％の確率で判定が2.5秒強化される|ピュアハートピュアPが6%UPする|
|628|矢澤にこ :妖怪編|クール|3340/3510/4470|3620/3790/4750|座敷にこにーコンボ25を達成するごとに47％の確率でスコアが300増える|クールハートクールPが6%UPする|
|631|星空凛 :手品師編|ピュア|3880/4640/2980|4160/4920/3260|凛のマジックショー21秒ごとに40％の確率で判定が5秒強化される|ピュアハートピュアPが6%UPする|
|632|東條希 :手品師編|クール|2970/3920/4640|3250/4200/4920|手品です！リズムアイコン27個ごとに52％の確率で体力が2回復する|クールハートクールPが6%UPする|
|633|矢澤にこ :手品師編|スマイル|4670/2930/3870|4950/3210/4150|にこのマジックショーリズムアイコン25個ごとに66％の確率でスコアが195増える|スマイルハートスマイルPが6%UPする|
|636|高坂穂乃果 :桃太郎編|ピュア|3260/4420/3650|3540/4700/3930|幸せのきびだんごPERFECTを14回達成するごとに48%の確率でスコアが170増える|ピュアハートピュアPが6%UPする|
|639|高坂穂乃果 :マリン編|ピュア|3980/4670/2820|4260/4950/3100|海って最高！コンボ31を達成するごとに39％の確率でスコアが500増える|ピュアハートピュアPが6%UPする|
|640|星空凛 :マリン編|スマイル|4700/3140/3710|4980/3420/3990|ひりひり日焼け18秒ごとに50％の確率で体力が3回復する|スマイルハートスマイルPが6%UPする|
|641|西木野真姫 :マリン編|スマイル|4670/2870/3940|4950/3150/4220|楽しい海の旅リズムアイコン13個ごとに24％の確率でスコアが285増える|スマイルハートスマイルPが6%UPする|
|642|矢澤にこ :マリン編|クール|3820/3000/4690|4100/3280/4970|プライベートタイム10秒ごとに38％の確率で判定が4秒強化される|クールハートクールPが6%UPする|
|645|絢瀬絵里 :マスカレード編|ピュア|3760/4480/3080|4040/4760/3360|マスカレードリズムアイコン18個ごとに30％の確率でスコアが300増える|ピュアハートピュアPが6%UPする|
|647|絢瀬絵里 :マリン編|スマイル|4670/2790/4000|4950/3070/4280|初めての場所PERFECT28回ごとに38%の確率でスコアが480増える|スマイルハートスマイルPが6%UPする|
|648|南ことり :マリン編|ピュア|3720/4660/3130|4000/4940/ 3410|初めましての気持ち8秒ごとに27％の確率で判定が3秒強化される|ピュアハートピュアPが6%UPする|
|649|小泉花陽 :マリン編|クール|2850/3990/4700|3130/4270/4980|絶対かき氷！リズムアイコン15個ごとに19％の確率で体力が3回復する|クールハートクールPが6%UPする|
|652|園田海未 :レトロポップ編|スマイル|4540/3620/3180|4820/3900/3460|レトロポップリズムアイコン27個ごとに46％の確率で判定が3秒強化される|スマイルハートスマイルPが6%UPする|
|655|南ことり :プール編|クール|2890/3890/4670|3170/4170/4950|水もしたたる？PERFECTを13回達成するごとに21%の確率でスコアが400増える|クールハートクールPが6%UPする|
|656|園田海未 :プール編|ピュア|2960/4660/3840|3240/4940/4120|授業中ですよっコンボ19を達成するごとに57%の確率でスコアが200増える|ピュアハートピュアPが6%UPする|
|657|東條希 :プール編|スマイル|4670/3970/2850|4950/4250/3130|ついでにわしわしリズムアイコン22個ごとに34%の確率で判定が3秒強化される|スマイルハートスマイルPが6%UPする|
|658|小泉花陽 :プール編|ピュア|2910/4680/3950|3190/4960/4230|ずうっと一緒に10秒ごとに23％の確率で体力が4回復する|ピュアハートピュアPが6%UPする|
|661|東條希 :バスローブ編|ピュア|3480/4510/3350|3760/4790/3630|ウチの新たな魅力♪リズムアイコン30個ごとに40％の確率で判定が4秒強化される|ピュアハートピュアPが6%UPする|
|663|高坂穂乃果 :プール編|クール|3770/3050/4640|4050/3330/4920|授業なんて楽勝だっリズムアイコン30個ごとに44％の確率でスコアが350増える|クールハートクールPが6%UPする|
|664|西木野真姫 :プール編|ピュア|2800/4700/4000|3080/4980/4280|思い出の場所でリズムアイコン18個ごとに17％の確率で判定が4.5秒強化される|ピュアハートピュアPが6%UPする|
|665|矢澤にこ :プール編|スマイル|4690/3940/2910|4970/4220/3190|にこにこハッピー☆リズムアイコン19個ごとに17％の確率で体力が4回復する|スマイルハートスマイルPが6%UPする|
|669|星空凛 :陸上部編|クール|3190/3640/4490|3470/3920/4770|一日助っ人！コンボ20達成するごとに24％の確率でスコアが475増える|クールハートクールPが6%UPする|
|671|高坂穂乃果 :くのいち編|スマイル|4710/2820/4010|4990/3100/4290|忍者の道は険しい……15秒ごとに35％の確率で体力が4回復する|スマイルハートスマイルPが6%UPする|
|672|絢瀬絵里 :くのいち編|ピュア|2830/4690/3980|3110/4970/4260|忍者のお茶屋さんリズムアイコン32個ごとに30%の確率で判定が5.5秒強化される|ピュアハートピュアPが6%UPする|
|673|園田海未 :くのいち編|クール|3930/2860/4710|4210/3140/4990|かわいい忍者リズムアイコン29個ごとに43%の確率で判定が3.5秒強化される|クールハートクールPが6%UPする|
|674|西木野真姫 :くのいち編|クール|4040/2770/4650|4320/3050/4930|壁と同化？リズムアイコン21個ごとに24%の確率でスコアが450増える|クールハートクールPが6%UPする|
|677|南ことり :お祭り編|ピュア|3350/4520/3470|3630/4800/3750 |お祭りドレスリズムアイコン19個ごとに28%の確率で判定が3.5秒強化される|ピュアハートピュアPが6%UPする|
|688|南ことり :くのいち編|スマイル|4690/3740/3110|4970/4020/3390|手裏剣はじめましたリズムアイコン23個ごとに22%の確率で体力が4回復する|スマイルハートスマイルPが6%UPする|
|689|星空凛 :くのいち編|クール|3970/2830/4710|4250/3110/4990|星空忍法！！12秒ごとに25％の確率で判定が5秒強化される|クールハートクールPが6%UPする|
|690|東條希 :くのいち編|ピュア|3970/4650/2840|4250/4930/3120|忍者でござるリズムアイコン14個ごとに15%の確率でスコアが490増える|ピュアハートピュアPが6%UPする|
|695|小泉花陽 :お月見編|クール|3910/2930/4480|4190/3210/4760|今夜の月はコンボ27を達成するごとに43％の確率でスコアが365増える|クールハートクールPが6%UPする|
|697|園田海未 :動物編part2|ピュア|2930/4710/3900|3210/4990/4180|エサやりチャレンジリズムアイコン14個ごとに19%の確率で体力が3回復する|ピュアハートピュアPが6%UPする|
|698|東條希 :動物編part2|クール|2880/3940/4700|3160/4220/4980|ペンギンウォーキング7秒ごとに21%の確率で判定が3.5秒強化される|クールハートクールPが6%UPする|
|699|小泉花陽 :動物編part2|スマイル|4710/3960/2870|4990/4240/3150|ぷくぷくほっぺリズムアイコン27個ごとに36％の確率で体力が3回復する|スマイルハートスマイルPが6%UPする|
|700|矢澤にこ :動物編part2|ピュア|3920/4640/2890|4200/4920/3170|カラフルな私を見てコンボ24を達成するごとに30％の確率でスコアが505増える|ピュアハートピュアPが6%UPする|
|703|西木野真姫 :ロック編|ピュア|3610/4510/3220|3890/4790/3500|ロックンロール！リズムアイコン24個ごとに31%の確率で判定が4秒強化される|ピュアハートピュアPが6%UPする|
|705|絢瀬絵里 :動物編part2|クール|2800/4020/4680|3080/4300/4960|しましまシマウマリズムアイコン26個ごとに46%の確率で判定が3秒強化される|クールハートクールPが6%UPする|
|706|南ことり :動物編part2|ピュア|3060/4650/3750|3340/4930/4030|アニマルスケッチリズムアイコン27個ごとに28%の確率でスコアが515増える|ピュアハートピュアPが6%UPする|
|707|星空凛 :動物編part2|スマイル|4710/3760/3070|4990/4040/3350|キリンさんとお散歩！リズムアイコン22個ごとに30％の確率で体力が3回復する|スマイルハートスマイルPが6%UPする|
|711|絢瀬絵里 :スチームパンク編|スマイル|4420/3680/3220|4700/3960/3500|ムービー・スター！PERFECTを21回達成するごとに43%の確率でスコアが285増える|スマイルハートスマイルPが6%UPする|
|722|絢瀬絵里 :舞踏会編|ピュア|2810/4710/4020|3090/4990/4300|みんなとの写真リズムアイコン21個ごとに22%の確率で体力が4回復する|ピュアハートピュアPが6%UPする|
|723|園田海未 :舞踏会編|スマイル|4630/2900/3920|4910/3180/4200|世界史のお時間コンボ18を達成するごとに24%の確率でスコアが475増える|スマイルハートスマイルPが6%UPする|
|724|星空凛 :舞踏会編|ピュア|3930/4650/2880|4210/4930/3160|軽やかステップリズムアイコン19個ごとに32％の確率でスコアが320増える|ピュアハートピュアPが6%UPする|
|725|矢澤にこ :舞踏会編|クール|3870/2950/4680|4150/3230/4960|豪華絢爛！リズムアイコン31個ごとに42%の確率で判定が4秒強化される|クールハートクールPが6%UPする|
|728|矢澤にこ :紅葉編|スマイル|4520/3340/3480|4800/3620/3760|紅葉に囲まれてリズムアイコン16個ごとに24%の確率で判定が3.5秒強化される|スマイルハートスマイルPが6%UPする|
|730|高坂穂乃果 :舞踏会編|クール|3800/3020/4680|4080/3300/4960|たまには洋菓子もリズムアイコン23個ごとに36%の確率で判定が3.5秒強化される|クールハートクールPが6%UPする|
|731|西木野真姫 :舞踏会編|ピュア|2770/4710/4060|3050/4990/4340|憧れよりも大事なものリズムアイコン16個ごとに36％の確率で体力が2回復する|ピュアハートピュアPが6%UPする|
|732|小泉花陽 :舞踏会編|スマイル|4630/4000/2830|4910/4280/3110|憧れのドレス！コンボ31を達成するごとに39％の確率でスコアが430増える|スマイルハートスマイルPが6%UPする|
|737|園田海未 :探検家編|クール|3720/3120/4480|4000/3400/4760|ドキドキ探検隊リズムアイコン15個ごとに37%の確率でスコアが200増える|クールハートクールPが6%UPする|
|740|園田海未 :クリスマス編|ピュア|2880/4680/3940|3160/4960/4220|雪玉合戦！リズムアイコン18個ごとに33％の確率で判定が3秒強化される|ピュアハートピュアPが6%UPする|
|741|星空凛 :クリスマス編|クール|4020/2820/4630|4300/3090/4910|自分のリズムでリズムアイコン26個ごとに29%の確率でスコアが490増える|クールハートクールPが6%UPする|
|742|西木野真姫 :クリスマス編|スマイル|4680/2850/3980|4960/3130/4260|今年を締めくくる歌リズムアイコン27個ごとに39％の確率で判定が4秒強化される|スマイルハートスマイルPが6%UPする|
|743|東條希 :クリスマス編|ピュア|2820/4690/4050|3100/4970/4310|優しい賛美歌リズムアイコン26個ごとに30％の確率で体力が4回復する|ピュアハートピュアPが6%UPする|
|746|高坂穂乃果 :ヴァンパイア編|クール|3190/3610/4540|3470/3890/4820|血を吸っちゃうぞリズムアイコン26個ごとに41％の確率で判定が3秒強化される|クールハートクールPが6%UPする|
|758|高坂穂乃果 :クリスマス編|スマイル|4610/4010/2820|4890/4290/3100|大切なプレゼントPERFECTを20回達成するごとに32%の確率でスコアが410増える|スマイルハートスマイルPが6%UPする|
|759|南ことり :クリスマス編|クール|2850/4020/4640|3130/4300/4920|シンプルが一番リズムアイコン30個ごとに33%の確率で判定が5秒強化される|クールハートクールPが6%UPする|
|760|矢澤にこ :クリスマス編|ピュア|4060/4700/2880|4340/4980/3060|あったかいものリズムアイコン19個ごとに28%の確率で体力が3回復する|ピュアハートピュアPが6%UPする|
|764|星空凛 :巫女編|ピュア|3390/4410/3520|3670/4690/3800|究極のラーメン！PERFECTを26回達成するごとに53%の確率でスコアが330増える|ピュアハートピュアPが6%UPする|
|768|高坂穂乃果 :サーカス編|ピュア|4040/4680/2790|4320/4960/3070|サーカスのステージリズムアイコン27個ごとに34％の確率で判定が4.5秒強化される|ピュアハートピュアPが6%UPする|
|769|星空凛 :サーカス編|スマイル|4620/3030/3800|4900/3310/4080|身体が軽い！コンボ26を達成するごとに33％の確率でスコアが500増える|スマイルハートスマイルPが6%UPする|
|770|東條希:サーカス編|クール|2840/4000/4690|3120/4280/4970|ミステリアスステージリズムアイコン29個ごとに43％の確率で体力が3回復する|クールハートクールPが6%UPする|
|771|矢澤にこ:サーカス編|クール|3920/2930/4610|4190/3210/4890|前座から全開！PERFECT18回ごとに26%の確率でスコアが455増える|クールハートクールPが6%UPする|
|774|東條希:おせち編|スマイル|4480/3140/3700|4760/3420/3980|今年もよろしくね♪リズムアイコン27個ごとに31%の確率でスコアが435増える|スマイルハートスマイルPが6%UPする|
|776|絢瀬絵里 :サーカス編|クール|4070/2770/4660|4350/3050/4940|本番前の緊張感リズムアイコン21個ごとに24％の確率で判定が4.5秒強化される|クールハートクールPが6%UPする|
|778|南ことり :サーカス編|スマイル|4680/3850/3110|4960/4080/3340|動物たちのサーカスリズムアイコン16個ごとに22％の確率で体力が3回復する|スマイルハートスマイルPが6%UPする|
|780|小泉花陽 :サーカス編|ピュア|3990/4640/2830|4270/4920/3110|ワンちゃんとお昼寝リズムアイコン23個ごとに42%の確率でスコアが300増える|ピュアハートピュアPが6%UPする|
|784|南ことり :節分編|クール|3630/3180/4530|3910/3460/4810|かわいい鬼さんリズムアイコン21個ごとに33%の確率で判定が3秒強化される|クールハートクールPが6%UPする|
|795|絢瀬絵里 :妖精の国編|スマイル|4670/2710/4120|4950/2990/4400|いっしょに練習リズムアイコン19個ごとに30%の確率で判定が3.5秒強化される|スマイルハートスマイルPが6%UPする|
|796|園田海未 :妖精の国編|ピュア|2850/4700/3980|3130/4980/4260|妖精の音楽家リズムアイコン25個ごとに35%の確率で体力が3回復する|ピュアハートピュアPが6%UPする|
|797|東條希 :妖精の国編|ピュア|4040/4610/2790|4320/4890/3070|羽根を広げてPERFECTを24回達成するごとに40%の確率でスコアが405増える|ピュアハートピュアPが6%UPする|
|798|小泉花陽 :妖精の国編|クール|2810/4030/4670|3090/4310/4950|一番美しいのは？リズムアイコン28個ごとに39%の確率で判定が4秒強化される|クールハートクールPが6%UPする|
|810|絢瀬絵里 :ロック編|ピュア|3820/4450/3050|4100/4730/3330|ロックな撮影会コンボ22を達成するごとに32％の確率でスコアが400増える|ピュアハートピュアPが6%UPする|
|812|高坂穂乃果 :妖精の国編|クール|3770/3060/4810|4050/3340/4990|妖精さんの願い事リズムアイコン20個ごとに20％の確率で体力が4回復する|クールハートクールPが6%UPする|
|813|南ことり :妖精の国編|ピュア|3870/4670/2970|4150/4950/3250|ロマンチックな気分でリズムアイコン27個ごとに49％の確率で判定が3秒強化される|ピュアハートピュアPが6%UPする|
|814|西木野真姫 :妖精の国編|スマイル|4610/ 2820/4020|4890/3100/4300|こっそり練習コンボ29を達成するごとに41％の確率でスコアが450増える|スマイルハートスマイルPが6%UPする|
|817|園田海未 :しゃぼん玉編|スマイル|4460/3880/2980|4740/4160/3260|しゃぼん玉いっぱいリズムアイコン24個ごとに40％の確率でスコアが300増える|スマイルハートスマイルPが6%UPする|
|825|絢瀬絵里 :大正ロマン編|ピュア|2780/4630/4050|3060/4910/4330|温故知新の心リズムアイコン29個ごとに31%の確率でスコアが505増える|ピュアハートピュアPが6%UPする|
|826|南ことり :大正ロマン編|クール|2790/4040/4620|3070/4320/4900|女の子はいつだってコンボ23を達成するごとに42%の確率でスコアが350増える|クールハートクールPが6%UPする|
|827|星空凛 :大正ロマン編|クール|4070/2770/4700|4350/3050/4980|たまには昔の制服もリズムアイコン27個ごとに31％の確率で体力が4回復する|クールハートクールPが6%UPする|
|828|東條希 :大正ロマン編|スマイル|4660/4050/2800|4940/4330/3080|大正時代の自分リズムアイコン18個ごとに22％の確率で判定が4.5秒強化される|スマイルハートスマイルPが6%UPする|
|835|西木野真姫 :イースター編|スマイル|4530/3720/3090|4810/4000/3370|仲良くエッグハントリズムアイコン25個ごとに35％の確率で判定が3.5秒強化される|スマイルハートスマイルPが6%UPする|
|840|園田海未 :大正ロマン編|スマイル|4600/2790/4050|4880/3070/4330|似合っていますか？PERFECTを25回達成するごとに34％の確率でスコアが495増える|スマイルハートスマイルPが6%UPする|
|841|西木野真姫 :大正ロマン編|クール|2760/4070/4710|3040/4350/4990|時代を超えるメロディ7秒ごとに22％の確率で体力が3回復する|クールハートクールPが6%UPする|
|842|矢澤にこ :大正ロマン編|ピュア|3920/4660/2930|4200/4940/3210|時代が私についてくるリズムアイコン22個ごとに30％の確率で判定が4秒強化される|ピュアハートピュアPが6%UPする|
|845|矢澤にこ :ロック編|クール|3320/3590/4410|3600/3870/4690|ロックなライブPERFECTを16回達成するごとに39％の確率でスコアが240増える|クールハートクールPが6%UPする|
|848|高坂穂乃果 :ベースボール編|スマイル|4620/2800/4030|4900/3080/4310|お酢パワー！？コンボ19を達成するごとに33％の確率でスコアが365増える|スマイルハートスマイルPが6%UPする|
|849|星空凛 :ベースボール編|ピュア|4120/4640/2750|4400/4920/3030|体力作りリズムアイコン25個ごとに41％の確率で判定が3.5秒強化される|ピュアハートピュアPが6%UPする|
|850|東條希 :ベースボール編|クール|2810/4030/4700|3090/4310/4980|イメージトレーニングリズムアイコン21個ごとに42％の確率で体力が2回復する|クールハートクールPが6%UPする|
|851|小泉花陽 :ベースボール編|クール|2740/4090/4630|3020/4370/4910|自主練リズムアイコン26個ごとに35％の確率でスコアが395増える|クールハートクールPが6%UPする|
|857|小泉花陽 :読書編|ピュア|3530/4470/3300|3810/4750/3580|読書中はお静かにリズムアイコン21個ごとに48％の確率でスコアが215増える|ピュアハートピュアPが6%UPする|
|859|南ことり :ベースボール編|ピュア|2970/4670/3870|3250/4950/4150|んんんんーっ！リズムアイコン29個ごとに32％の確率で判定が5秒強化される|ピュアハートピュアPが6%UPする|
|860|園田海未 :ベースボール編|クール|2730/4110/4670|3010/4390/4950|早朝の自主練リズムアイコン25個ごとに30％の確率で判定が4秒強化される|クールハートクールPが6%UPする|
|861|矢澤にこ :ベースボール編|スマイル|4610/2910/3930|4890/3190/4210|アイドルの笑顔PERFECTを20回達成するごとに30％の確率でスコアが440増える|スマイルハートスマイルPが6%UPする|
|865|星空凛 :お花見編|クール|3070/3750/4520|3350/4030/4800|花見といえば♪リズムアイコン23個ごとに27％の確率で判定が4秒強化される|クールハートクールPが6%UPする|
|867|高坂穂乃果 :踊り子編|ピュア|3690/4690/3160|3970/4970/3440|みんなでがんばった！リズムアイコン24個ごとに24％の確率で体力が4回復する|ピュアハートピュアPが6%UPする|
|868|絢瀬絵里 :踊り子編|クール|2790/4050/4610|3070/4330/4890|あなただけに届く音PERFECTを23回達成するごとに33％の確率でスコアが465増える|クールハートクールPが6%UPする|
|869|園田海未 :踊り子編|スマイル|4700/2940/3900|4980/3220/4180|露出度高め！？リズムアイコン21個ごとに30％の確率で体力が3回復する|スマイルハートスマイルPが6%UPする|
|870|小泉花陽 :踊り子編|スマイル|4670/3890/2950|4950/4170/3230|ごはんｄｅダイエットリズムアイコン24個ごとに44％の確率で判定が3秒強化される|スマイルハートスマイルPが6%UPする|
|876|東條希 :端午の節句編|ピュア|3240/4460/3620|3520/4740/3900|正義の刃！コンボ21を達成するごとに36％の確率でスコアが340増える|ピュアハートピュアPが6%UPする|
|878|西木野真姫 :踊り子編|ピュア|2850/4660/4000|3130/4940/4280|踊り子のお酌リズムアイコン27個ごとに30％の確率で判定が5秒強化される|ピュアハートピュアPが6%UPする|
|879|東條希 :踊り子編|スマイル|4610/4070/2770|4890/4350/3050|踊り子の占い師コンボ24を達成するごとに34％の確率でスコアが445増える|スマイルハートスマイルPが6%UPする|
|880|矢澤にこ :踊り子編|クール|4050/2790/4700|4330/3070/4980|向き不向きがあるの！リズムアイコン26個ごとに27％の確率で体力が4回復する|クールハートクールPが6%UPする|
|883|高坂穂乃果 :スイーツ編|スマイル|4410/2960/3950|4690/3240/4130|イチゴショートケーキPERFECTを24回達成するごとに36％の確率でスコアが390増える|スマイルハートスマイルPが6%UPする|
|885|絢瀬絵里 :アイドル衣装編|ピュア|2930/4670/3910|3210/4950/4190|さらなる高みにリズムアイコン16個ごとに22％の確率で判定が4秒強化される|ピュアハートピュアPが6%UPする|
|886|南ことり :アイドル衣装編|スマイル|4600/4060/2790|4880/4340/3070|胸の高鳴りPERFECTを21回達成するごとに28％の確率でスコアが500増える|スマイルハートスマイルPが6%UPする|
|887|園田海未 :アイドル衣装編|ピュア|3070/4650/3730|3350/4930/4010|投げキッスコンボ27を達成するごとに40%の確率でスコアが430増える|ピュアハートピュアPが6%UPする|
|888|小泉花陽 :アイドル衣装編|クール|3040/2800/4700|3320/4080/4980|練習の成果リズムアイコン22個ごとに22％の確率で体力が4回復する|クールハートクールPが6%UPする|
|894|高海千歌 :梅雨編|スマイル|4530/3140/3670|4810/3420/3950|カエルと歌おうリズムアイコン17個ごとに34%の確率で判定が2.5秒強化される|スマイルハートスマイルPが6%UPする|
|895|桜内梨子 :梅雨編|クール|3620/3290/4410|3900/3570/4690|ひとつの音楽PERFECTを18回達成するごとに35%の確率でスコアが300増える|クールハートクールPが6%UPする|
|897|星空凛 :アイドル衣装編|スマイル|4660/3990/2860|4940/4270/3140|以前の写真を見てリズムアイコン22個ごとに27%の確率で判定が4.5秒強化される|スマイルハートスマイルPが6%UPする|
|898|西木野真姫 :アイドル衣装編|クール|4120/2700/4640|4400/2980/4920|写真で見る成長リズムアイコン16個ごとに23%の確率でスコアが360増える|クールハートクールPが6%UPする|
|899|矢澤にこ :アイドル衣装編|ピュア|3940/4610/2890|4220/4890/3170|感謝してるのPERFECTを26回達成するごとに42%の確率でスコアが420増える|ピュアハートピュアPが6%UPする|
|902|東條希 :梅雨編|クール|3710/3100/4530|3990/3380/4810|特別だよ？リズムアイコン20個ごとに28%の確率で判定が3.5秒強化される|クールハートクールPが6%UPする|
|903|小泉花陽 :梅雨編|スマイル|4450/3290/3580|4730/3570/3860|カタツムリコンボ24を達成するごとに37%の確率でスコアが380増える|スマイルハートスマイルPが6%UPする|
|905|高坂穂乃果 :小悪魔編|スマイル|4670/2890/3950|4950/3170/4230|小悪魔を目指してリズムアイコン17個ごとに30%の確率で判定が3秒強化される|スマイルハートスマイルPが6%UPする|
|906|西木野真姫 :小悪魔編|ピュア|2850/4630/3980|3130/4910/4260|気持ちがうれしいリズムアイコン21個ごとに33%の確率でスコアが340増える|ピュアハートピュアPが6%UPする|
|907|東條希 :小悪魔編|クール|2760/4070/4610|3040/4350/4890|魂をいただいちゃう！PERFECTを20回達成するごとに31%の確率でスコアが430増える|クールハートクールPが6%UPする|
|908|小泉花陽 :小悪魔編|スマイル|4700/4020/2820|4980/4300/3100|小悪魔なイメージでリズムアイコン13個ごとに26%の確率で体力が2回復する|スマイルハートスマイルPが6%UPする|
|928|高海千歌:|スマイル|4700/2890/3950|4980/3170/4230|みかんパワー！リズムアイコン25個ごとに34%の確率で体力が3回復する|スマイルハートスマイルPが6%UPする|
|929|桜内梨子:|クール|2870/3980/4660|3150/4260/4940|新しい自分へリズムアイコン19個ごとに34%の確率で判定が3秒強化される|クールハートクールPが6%UPする|
|930|松浦果南:|ピュア|3900/4660/2950|4180/4940/3230|衣装合わせリズムアイコン18個ごとに39%の確率で判定が2.5秒強化される|ピュアハートピュアPが6%UPする|
|931|黒澤ダイヤ:|クール|3920/2930/4690|4200/3210/4970|断固2cm！リズムアイコン23個ごとに31%の確率で体力が3回復する|クールハートクールPが6%UPする|
|932|渡辺曜:|ピュア|2930/4610/3900|3210/4890/4180|衣装作りPERFECTを17回達成するごとに29%の確率でスコアが390増える|ピュアハートピュアPが6%UPする|
|933|津島善子:|クール|2920/3910/4620|3200/4190/4900|罪深き闇のドレスコンボ19を達成するごとに31%の確率でスコアが390増える|クールハートクールPが6%UPする|
|934|国木田花丸:|スマイル|4660/3940/2910|4940/4220/3190|本は財産リズムアイコン24個ごとに37%の確率で判定が3.5秒強化される|スマイルハートスマイルPが6%UPする|
|935|小原鞠莉:|スマイル|4620/3920/2920|4900/4200/3200|リゾートコーデリズムアイコン20個ごとに35%の確率でスコアが310増える|スマイルハートスマイルPが6%UPする|
|936|黒澤ルビィ:|ピュア|2840/4700/4000|3120/4980/4280|出来るもんっリズムアイコン17個ごとに35%の確率で体力が2回復する|ピュアハートピュアPが6%UPする|
|959|黒澤ダイヤ :七夕編|クール|3230/3610/4480|3510/3890/4760|努力が大前提リズムアイコン19個ごとに34%の確率でスコアが275増える|クールハートクールPが6%UPする|
|960|黒澤ルビィ :七夕編|ピュア|3660/4530/3150|3940/4810/3430|目指せお姉ちゃんリズムアイコン22個ごとに37%の確率で判定が3秒強化される|ピュアハートピュアPが6%UPする|
|962|絢瀬絵里 :小悪魔編|スマイル|4620/2790/4050|4900/3070/4330|小悪魔っぽい？リズムアイコン24個ごとに40%の確率でスコアが325増える|スマイルハートスマイルPが6%UPする|
|963|南ことり :小悪魔編|クール|2840/4010/4660|3120/4290/4940|ちょっとした違いリズムアイコン24個ごとに32%の確率で判定が4秒強化される|クールハートクールPが6%UPする|
|964|星空凛 :小悪魔編|ピュア|3610/4700/3230|3890/4980/3510|凛のお願い！リズムアイコン27個ごとに27%の確率で体力が4回復する|ピュアハートピュアPが6%UPする|
|967|絢瀬絵里 :妖怪編|クール|3700/3110/4530|3980/3390/4810|エリチカ妖狐リズムアイコン19個ごとに38%の確率で判定が2.5秒強化される|クールハートクールPが6%UPする|
|968|南ことり :妖怪編|スマイル|4470/3230/3620|4750/3510/2900|μ's肝試し大会リズムアイコン23個ごとに39%の確率でスコアが295増える|スマイルハートスマイルPが6%UPする|
|970|高海千歌 :水着編|クール|4010/2850/4670|4290/3130/4950|これって普段着？リズムアイコン21個ごとに32%の確率で判定が3.5秒強化される|クールハートクールPが6%UPする|
|971|黒澤ダイヤ :水着編|スマイル|4630/2890/3990|4910/3170/4270|私たちの海コンボ23を達成するごとに36%の確率でスコアが405増える|スマイルハートスマイルPが6%UPする|
|972|小原鞠莉 :水着編|ピュア|4030/4670/2820|4310/4950/3100|体力勝負どんとこいリズムアイコン24個ごとに25%の確率で体力が4回復する|ピュアハートピュアPが6%UPする|
|976|渡辺曜 :夏休み編|ピュア|3570/4440/3300|3850/4720/3580|わくわくキャンプコンボ19を達成するごとに31%の確率でスコアが360増える|ピュアハートピュアPが6%UPする|
|977|国木田花丸 :夏休み編|スマイル|4490/3110/3620|4770/3390/3900|マルの読み聞かせリズムアイコン22個ごとに38%の確率でスコアが285増える|スマイルハートスマイルPが6%UPする|
|978|絢瀬絵里 :プール編Part2|クール|4060/2780/4690|4340/3060/4970|いいお天気だからリズムアイコン21個ごとに29%の確率で体力が3回復する|クールハートクールPが6%UPする|
|979|東條希 :プール編Part2|ピュア|3910/4640/2940|4190/4920/3220|びっくりさせちゃおリズムアイコン26個ごとに33%の確率で判定が4.5秒強化される|ピュアハートピュアPが6%UPする|
|982|桜内梨子 :水着編|スマイル|4680/2770/4080|4960/3050/4360|水着でステージリズムアイコン24個ごとに33%の確率で体力が3回復する|スマイルハートスマイルPが6%UPする|
|983|松浦果南 :水着編|クール|2800/4040/4620|3080/4320/4900|一肌脱ぎましょう♪リズムアイコン19個ごとに32%の確率でスコアが315増える|クールハートクールPが6%UPする|
