@sif_notify_bot tes
@sif_notify_bot tes
@sif_notify_bot tes
gatcha.py end

gatcha.py end

gatcha.py end

gatcha.py end

gatcha.py end

gatcha.py end

gatcha.py end

gatcha.py end

@sif_notify_bot
@sif_notify_bot test
@sif_notify_bot muse
@sif_notify_bot
gatcha.py end

gatcha.py end

@sif_notify_bot tes
@sif_notify_bot testes
@sif_notify_bot testestes
@sif_notify_bot t
gatcha.py end

@sif_notify_bot aqours
gatcha.py end

gatcha.py end

gatcha.py end

gatcha.py end

@sif_notify_bot test6
@sif_notify_bot muse
@sif_notify_bot g
@sif_notify_bot sl
@sif_notify_bot Aqours
@sif_notify_bot
@sif_notify_bot
@sif_notify_bot a
gatcha.py end

gatcha.py end

gatcha.py end

gatcha.py end

gatcha.py end

gatcha.py end

@sif_notify_bot b
gatcha.py end

gatcha.py end

gatcha.py end

@sif_notify_bot Aqours
@sif_notify_bot aqours
gatcha.py end

gatcha.py end

gatcha.py end

gatcha.py end

gatcha.py end

@sif_notify_bot muse
@sif_notify_bot muse
