
rand_member
【今日の部員】
SR東條希(小悪魔編)
2016年6月30日追加
[LV MAX]3040/4350/4890
[特技]魂をいただいちゃう！
today_card.py end


rand_member
【今日の部員】
SR東條希(動物編part2)
2015年9月30日追加
[LV MAX]3160/4220/4980
[特技]ペンギンウォーキング
#スクフェス
today_card.py end


rand_member
【今日の部員】
SR絢瀬絵里(ひな祭り編)
第3回 メドレーフェスティバル 報酬
[LV MAX]3450/3850/4840
[特技]キミの心に届けたい
#スクフェス
today_card.py end


rand_member
【今日の部員】
SR東條希(初期)

[LV MAX]3750/4410/3970
[特技]スピリチュアルパワー
#スクフェス
today_card.py end


rand_member
【今日の部員】
SR東條希(怪談編)
輝いて Can I do! 報酬
[LV MAX]4080/3770/4440
[特技]わしわし
#スクフェス
today_card.py end


rand_member
【今日の部員】
SR高坂穂乃果(サーカス編)
2015年12月31日追加
[LV MAX]4320/4960/3070
[特技]サーカスのステージ
#スクフェス
today_card.py end


rand_member
【今日の部員】
SR桜内梨子(梅雨編)
夜空はなんでも知ってるみたい 報酬
[LV MAX]3900/3570/4690
[特技]ひとつの音楽
#スクフェス
today_card.py end


rand_member
【今日の部員】
SR矢澤にこ(5月編)
2014年5月15日追加
[LV MAX]4790/3960/3580
[特技]食べちゃダメよ？
#スクフェス
today_card.py end


rand_member
【今日の部員】
SR東條希(9月編)
2013年8月31日追加
[LV MAX]3610/3910/4710
[特技]お祭り娘
#スクフェス
today_card.py end


rand_member
【今日の部員】
SR絢瀬絵里(舞踏会編)
2015年10月31日追加
[LV MAX]3090/4990/4300
[特技]みんなとの写真
#スクフェス
today_card.py end


rand_member
【今日の部員】
SR西木野真姫(クリスマス編)
2015年11月30日追加
[LV MAX]4960/3130/4260
[特技]今年を締めくくる歌
#スクフェス
today_card.py end


rand_member
【今日の部員】
SR南ことり(プール編)
2015年7月31日追加
[LV MAX]3170/4170/4950
[特技]水もしたたる？
#スクフェス
today_card.py end


rand_member

rand_member
【今日の部員】
SR絢瀬絵里(7月編)
2014年7月15日追加
[LV MAX]3450/4880/3850
[特技]人魚姫の強さ
#スクフェス
today_card.py end


rand_member
【今日の部員】
SR東條希(初期)

[LV MAX]3750/4410/3970
[特技]スピリチュアルパワー
#スクフェス
today_card.py end


rand_member
【今日の部員】
SR園田海未(探検家編)
第22回 スコアマッチ 報酬
[LV MAX]4000/3400/4760
[特技]ドキドキ探検隊
#スクフェス
today_card.py end


rand_member
【今日の部員】
SR渡辺曜(夏休み編)
研究が必要です 報酬
[LV MAX]3850/4720/3580
[特技]わくわくキャンプ
#スクフェス
today_card.py end


rand_member
【今日の部員】
SR園田海未(11月編)
2013年11月15日追加
[LV MAX]4760/3600/3870
[特技]食物への感謝
#スクフェス
today_card.py end


rand_member
【今日の部員】
SR高坂穂乃果(クリスマス編)
2015年12月15日追加
[LV MAX]4890/4290/3100
[特技]大切なプレゼント
#スクフェス
today_card.py end


rand_member
【今日の部員】
SR東條希(手品師編)
2015年6月15日追加
[LV MAX]3250/4200/4920
[特技]手品です！
#スクフェス
today_card.py end


rand_member
【今日の部員】
SR西木野真姫(ロック編)
第21回 スコアマッチ 報酬
[LV MAX]3890/4790/3500
[特技]ロックンロール！
#スクフェス
today_card.py end


rand_member
【今日の部員】
SR矢澤にこ(ベースボール編)
2016年4月15日追加
[LV MAX]4890/3190/4210
[特技]アイドルの笑顔
#スクフェス
today_card.py end


rand_member
【今日の部員】
SR南ことり(大正ロマン編)
2016年2月29日追加
[LV MAX]3070/4320/4900
[特技]女の子はいつだって
#スクフェス
today_card.py end


rand_member
【今日の部員】
SR星空凛(1月編)
2013年12月31日追加
[LV MAX]4870/3770/3590
[特技]今年は大吉！
#スクフェス
today_card.py end


rand_member
【今日の部員】
SR矢澤にこ(4月編)
2014年4月15日追加
[LV MAX]3900/4810/3620
[特技]スイーツアイドル
#スクフェス
today_card.py end


rand_member
【今日の部員】
SR東條希(1月編)
2013年12月31日追加
[LV MAX]4860/3820/3550
[特技]新年のおまじない
#スクフェス
today_card.py end


rand_member
【今日の部員】
SR小泉花陽(小悪魔編)
2016年6月30日追加
[LV MAX]4980/4300/3100
[特技]小悪魔なイメージで
#スクフェス
today_card.py end


rand_member
[SQL]select id, name, series from carddata where rarity=2 AND (name='高坂穂乃果' OR name='絢瀬絵里' OR name='南ことり' OR name='園田海未' OR name='星空凛' OR name='西木野真姫' OR name='東條希' OR name='小泉花陽' OR name='矢澤にこ' OR name='高海千歌' OR name='桜内梨子' OR name='松浦果南' OR name='黒澤ダイヤ' OR name='渡辺曜' OR name='津島善子' OR name='国木田花丸' OR name='小原鞠莉' OR name='黒澤ルビィ')
create_member_image

rand_member
[SQL]select id, name, series from carddata where rarity=4 AND (name='高坂穂乃果' OR name='絢瀬絵里' OR name='南ことり' OR name='園田海未' OR name='星空凛' OR name='西木野真姫' OR name='東條希' OR name='小泉花陽' OR name='矢澤にこ' OR name='高海千歌' OR name='桜内梨子' OR name='松浦果南' OR name='黒澤ダイヤ' OR name='渡辺曜' OR name='津島善子' OR name='国木田花丸' OR name='小原鞠莉' OR name='黒澤ルビィ')
create_member_image
OK
OK
【今日のSR/UR勧誘】
UR高坂穂乃果(雪山編)
2014年12月15日追加
[LV MAX]4520/5240/4100
[特技]二人で抜け出そうっ！
#スクフェス
today_card.py end


rand_member
[SQL]select id, name, series from carddata where rarity=2 AND (name='高坂穂乃果' OR name='絢瀬絵里' OR name='南ことり' OR name='園田海未' OR name='星空凛' OR name='西木野真姫' OR name='東條希' OR name='小泉花陽' OR name='矢澤にこ' OR name='高海千歌' OR name='桜内梨子' OR name='松浦果南' OR name='黒澤ダイヤ' OR name='渡辺曜' OR name='津島善子' OR name='国木田花丸' OR name='小原鞠莉' OR name='黒澤ルビィ')
create_member_image
OK
OK
【今日のSR/UR勧誘】
SR東條希(雪山編)
2014年11月30日追加
[LV MAX]4020/4890/3340
[特技]温泉卓球♪
#スクフェス
today_card.py end


rand_member
[SQL]select id, name, series from carddata where rarity=2 AND (name='高坂穂乃果' OR name='絢瀬絵里' OR name='南ことり' OR name='園田海未' OR name='星空凛' OR name='西木野真姫' OR name='東條希' OR name='小泉花陽' OR name='矢澤にこ' OR name='高海千歌' OR name='桜内梨子' OR name='松浦果南' OR name='黒澤ダイヤ' OR name='渡辺曜' OR name='津島善子' OR name='国木田花丸' OR name='小原鞠莉' OR name='黒澤ルビィ')
create_member_image
OK
OK
【今日のSR/UR勧誘】
SR小泉花陽(アイドル衣装編)
2016年5月31日追加
[LV MAX]3320/4080/4980
[特技]練習の成果
#スクフェス
today_card.py end


rand_member
[SQL]select id, name, series from carddata where rarity=2 AND (name='高坂穂乃果' OR name='絢瀬絵里' OR name='南ことり' OR name='園田海未' OR name='星空凛' OR name='西木野真姫' OR name='東條希' OR name='小泉花陽' OR name='矢澤にこ' OR name='高海千歌' OR name='桜内梨子' OR name='松浦果南' OR name='黒澤ダイヤ' OR name='渡辺曜' OR name='津島善子' OR name='国木田花丸' OR name='小原鞠莉' OR name='黒澤ルビィ')
create_member_image
OK
OK
【今日のSR/UR勧誘】
SR高坂穂乃果(カフェメイド編)
2014年9月15日追加
[LV MAX]3950/4890/3260
[特技]メイド見習い
#スクフェス
today_card.py end


rand_member
[SQL]select id, name, series from carddata where rarity=2 AND (name='高坂穂乃果' OR name='絢瀬絵里' OR name='南ことり' OR name='園田海未' OR name='星空凛' OR name='西木野真姫' OR name='東條希' OR name='小泉花陽' OR name='矢澤にこ' OR name='高海千歌' OR name='桜内梨子' OR name='松浦果南' OR name='黒澤ダイヤ' OR name='渡辺曜' OR name='津島善子' OR name='国木田花丸' OR name='小原鞠莉' OR name='黒澤ルビィ')
create_member_image
OK
OK
【今日のSR/UR勧誘】
SR渡辺曜(初期)
2016年7月5日追加
[LV MAX]3210/4890/4180
[特技]衣装作り
#スクフェス
today_card.py end


rand_member
[SQL]select id, name, series from carddata where rarity=2 AND (name='高坂穂乃果' OR name='絢瀬絵里' OR name='南ことり' OR name='園田海未' OR name='星空凛' OR name='西木野真姫' OR name='東條希' OR name='小泉花陽' OR name='矢澤にこ' OR name='高海千歌' OR name='桜内梨子' OR name='松浦果南' OR name='黒澤ダイヤ' OR name='渡辺曜' OR name='津島善子' OR name='国木田花丸' OR name='小原鞠莉' OR name='黒澤ルビィ')
create_member_image
OK
OK
【今日のSR/UR勧誘】
SR星空凛(動物編part2)
2015年10月15日追加
[LV MAX]4990/4040/3350
[特技]キリンさんとお散歩！
#スクフェス
today_card.py end


rand_member
[SQL]select id, name, series from carddata where rarity=4 AND (name='高坂穂乃果' OR name='絢瀬絵里' OR name='南ことり' OR name='園田海未' OR name='星空凛' OR name='西木野真姫' OR name='東條希' OR name='小泉花陽' OR name='矢澤にこ' OR name='高海千歌' OR name='桜内梨子' OR name='松浦果南' OR name='黒澤ダイヤ' OR name='渡辺曜' OR name='津島善子' OR name='国木田花丸' OR name='小原鞠莉' OR name='黒澤ルビィ')
create_member_image
OK
OK
【今日のSR/UR勧誘】
UR園田海未(4月編)
2014年4月15日追加
[LV MAX]4300/4230/5290
[特技]甘味のちから
#スクフェス
today_card.py end


rand_member
[SQL]select id, name, series from carddata where rarity=2 AND (name='高坂穂乃果' OR name='絢瀬絵里' OR name='南ことり' OR name='園田海未' OR name='星空凛' OR name='西木野真姫' OR name='東條希' OR name='小泉花陽' OR name='矢澤にこ' OR name='高海千歌' OR name='桜内梨子' OR name='松浦果南' OR name='黒澤ダイヤ' OR name='渡辺曜' OR name='津島善子' OR name='国木田花丸' OR name='小原鞠莉' OR name='黒澤ルビィ')
create_member_image
OK
OK
【今日のSR/UR勧誘】
SR桜内梨子(梅雨編)
夜空はなんでも知ってるみたい 報酬
[LV MAX]3900/3570/4690
[特技]ひとつの音楽
#スクフェス
today_card.py end


rand_member
[SQL]select id, name, series from carddata where rarity=4 AND (name='高坂穂乃果' OR name='絢瀬絵里' OR name='南ことり' OR name='園田海未' OR name='星空凛' OR name='西木野真姫' OR name='東條希' OR name='小泉花陽' OR name='矢澤にこ' OR name='高海千歌' OR name='桜内梨子' OR name='松浦果南' OR name='黒澤ダイヤ' OR name='渡辺曜' OR name='津島善子' OR name='国木田花丸' OR name='小原鞠莉' OR name='黒澤ルビィ')
create_member_image
OK
OK
【今日のSR/UR勧誘】
UR星空凛(プール編)
2015年8月15日追加
[LV MAX]5370/4460/4080
[特技]気楽にプール♪
#スクフェス
today_card.py end













rand_member
[SQL]select id, name, series from carddata where rarity=2 AND (name='高坂穂乃果' OR name='絢瀬絵里' OR name='南ことり' OR name='園田海未' OR name='星空凛' OR name='西木野真姫' OR name='東條希' OR name='小泉花陽' OR name='矢澤にこ' OR name='高海千歌' OR name='桜内梨子' OR name='松浦果南' OR name='黒澤ダイヤ' OR name='渡辺曜' OR name='津島善子' OR name='国木田花丸' OR name='小原鞠莉' OR name='黒澤ルビィ')
create_member_image
【今日のSR/UR勧誘】
SR東條希(2月編)
2014年2月15日追加
[LV MAX]4900/3730/3600
[特技]ハッピーバレンタイン
#スクフェス
today_card.py end


rand_member
[SQL]select id, name, series from carddata where rarity=2 AND (name='高坂穂乃果' OR name='絢瀬絵里' OR name='南ことり' OR name='園田海未' OR name='星空凛' OR name='西木野真姫' OR name='東條希' OR name='小泉花陽' OR name='矢澤にこ' OR name='高海千歌' OR name='桜内梨子' OR name='松浦果南' OR name='黒澤ダイヤ' OR name='渡辺曜' OR name='津島善子' OR name='国木田花丸' OR name='小原鞠莉' OR name='黒澤ルビィ')
create_member_image

rand_member
[SQL]select id, name, series from carddata where rarity=4 AND (name='高坂穂乃果' OR name='絢瀬絵里' OR name='南ことり' OR name='園田海未' OR name='星空凛' OR name='西木野真姫' OR name='東條希' OR name='小泉花陽' OR name='矢澤にこ' OR name='高海千歌' OR name='桜内梨子' OR name='松浦果南' OR name='黒澤ダイヤ' OR name='渡辺曜' OR name='津島善子' OR name='国木田花丸' OR name='小原鞠莉' OR name='黒澤ルビィ')
create_member_image
【今日のSR/UR勧誘】
UR西木野真姫(星座編)
2014年10月31日追加
[LV MAX]4150/5310/4400
[特技]神話の世界へ
#スクフェス
today_card.py end


rand_member
[SQL]select id, name, series from carddata where rarity=2 AND (name='高坂穂乃果' OR name='絢瀬絵里' OR name='南ことり' OR name='園田海未' OR name='星空凛' OR name='西木野真姫' OR name='東條希' OR name='小泉花陽' OR name='矢澤にこ' OR name='高海千歌' OR name='桜内梨子' OR name='松浦果南' OR name='黒澤ダイヤ' OR name='渡辺曜' OR name='津島善子' OR name='国木田花丸' OR name='小原鞠莉' OR name='黒澤ルビィ')
create_member_image
【今日のSR/UR勧誘】
SR園田海未(ハロウィン編)
2014年9月30日追加
[LV MAX]3490/4780/3830
[特技]二人でデート
#スクフェス
today_card.py end


rand_member
[SQL]select id, name, series from carddata where rarity=2 AND (name='高坂穂乃果' OR name='絢瀬絵里' OR name='南ことり' OR name='園田海未' OR name='星空凛' OR name='西木野真姫' OR name='東條希' OR name='小泉花陽' OR name='矢澤にこ' OR name='高海千歌' OR name='桜内梨子' OR name='松浦果南' OR name='黒澤ダイヤ' OR name='渡辺曜' OR name='津島善子' OR name='国木田花丸' OR name='小原鞠莉' OR name='黒澤ルビィ')
create_member_image
【今日のSR/UR勧誘】
SR絢瀬絵里(舞踏会編)
2015年10月31日追加
[LV MAX]3090/4990/4300
[特技]みんなとの写真
#スクフェス
today_card.py end


rand_member
[SQL]select id, name, series from carddata where rarity=2 AND (name='高坂穂乃果' OR name='絢瀬絵里' OR name='南ことり' OR name='園田海未' OR name='星空凛' OR name='西木野真姫' OR name='東條希' OR name='小泉花陽' OR name='矢澤にこ' OR name='高海千歌' OR name='桜内梨子' OR name='松浦果南' OR name='黒澤ダイヤ' OR name='渡辺曜' OR name='津島善子' OR name='国木田花丸' OR name='小原鞠莉' OR name='黒澤ルビィ')
create_member_image
【今日のSR/UR勧誘】
SR矢澤にこ(7月編)
2014年6月30日追加
[LV MAX]4880/3810/3490
[特技]虜にしちゃう☆
#スクフェス
today_card.py end


rand_member
[SQL]select id, name, series from carddata where rarity=2 AND (name='高坂穂乃果' OR name='絢瀬絵里' OR name='南ことり' OR name='園田海未' OR name='星空凛' OR name='西木野真姫' OR name='東條希' OR name='小泉花陽' OR name='矢澤にこ' OR name='高海千歌' OR name='桜内梨子' OR name='松浦果南' OR name='黒澤ダイヤ' OR name='渡辺曜' OR name='津島善子' OR name='国木田花丸' OR name='小原鞠莉' OR name='黒澤ルビィ')
create_member_image
【今日のSR/UR勧誘】
SR園田海未(10月編)
2013年9月30日追加
[LV MAX]3650/4760/3820
[特技]敏腕マネージャー
#スクフェス
today_card.py end


rand_member
[SQL]select id, name, series from carddata where rarity=2 AND (name='高坂穂乃果' OR name='絢瀬絵里' OR name='南ことり' OR name='園田海未' OR name='星空凛' OR name='西木野真姫' OR name='東條希' OR name='小泉花陽' OR name='矢澤にこ' OR name='高海千歌' OR name='桜内梨子' OR name='松浦果南' OR name='黒澤ダイヤ' OR name='渡辺曜' OR name='津島善子' OR name='国木田花丸' OR name='小原鞠莉' OR name='黒澤ルビィ')
create_member_image
【今日のSR/UR勧誘】
SR西木野真姫(くのいち編)
2015年8月31日追加
[LV MAX]4320/3050/4930
[特技]壁と同化？
#スクフェス
today_card.py end


rand_member
[SQL]select id, name, series from carddata where rarity=2 AND (name='高坂穂乃果' OR name='絢瀬絵里' OR name='南ことり' OR name='園田海未' OR name='星空凛' OR name='西木野真姫' OR name='東條希' OR name='小泉花陽' OR name='矢澤にこ' OR name='高海千歌' OR name='桜内梨子' OR name='松浦果南' OR name='黒澤ダイヤ' OR name='渡辺曜' OR name='津島善子' OR name='国木田花丸' OR name='小原鞠莉' OR name='黒澤ルビィ')
create_member_image

rand_member
[SQL]select id, name, series from carddata where rarity=2 AND (name='高坂穂乃果' OR name='絢瀬絵里' OR name='南ことり' OR name='園田海未' OR name='星空凛' OR name='西木野真姫' OR name='東條希' OR name='小泉花陽' OR name='矢澤にこ' OR name='高海千歌' OR name='桜内梨子' OR name='松浦果南' OR name='黒澤ダイヤ' OR name='渡辺曜' OR name='津島善子' OR name='国木田花丸' OR name='小原鞠莉' OR name='黒澤ルビィ')
create_member_image

rand_member
[SQL]select id, name, series from carddata where rarity=2 AND (name='高坂穂乃果' OR name='絢瀬絵里' OR name='南ことり' OR name='園田海未' OR name='星空凛' OR name='西木野真姫' OR name='東條希' OR name='小泉花陽' OR name='矢澤にこ' OR name='高海千歌' OR name='桜内梨子' OR name='松浦果南' OR name='黒澤ダイヤ' OR name='渡辺曜' OR name='津島善子' OR name='国木田花丸' OR name='小原鞠莉' OR name='黒澤ルビィ')

rand_member
[SQL]select id, name, series from carddata where rarity=2 AND (name='高坂穂乃果' OR name='絢瀬絵里' OR name='南ことり' OR name='園田海未' OR name='星空凛' OR name='西木野真姫' OR name='東條希' OR name='小泉花陽' OR name='矢澤にこ' OR name='高海千歌' OR name='桜内梨子' OR name='松浦果南' OR name='黒澤ダイヤ' OR name='渡辺曜' OR name='津島善子' OR name='国木田花丸' OR name='小原鞠莉' OR name='黒澤ルビィ')
create_member_image
【今日のSR/UR勧誘】
SR矢澤にこ(雪山編)
2014年11月30日追加
[LV MAX]4000/3320/4840
[特技]温泉のマドンナ
#スクフェス
today_card.py end


rand_member
[SQL]select id, name, series from carddata where rarity=4 AND (name='高坂穂乃果' OR name='絢瀬絵里' OR name='南ことり' OR name='園田海未' OR name='星空凛' OR name='西木野真姫' OR name='東條希' OR name='小泉花陽' OR name='矢澤にこ' OR name='高海千歌' OR name='桜内梨子' OR name='松浦果南' OR name='黒澤ダイヤ' OR name='渡辺曜' OR name='津島善子' OR name='国木田花丸' OR name='小原鞠莉' OR name='黒澤ルビィ')
create_member_image
【今日のSR/UR勧誘】
UR星空凛(バレンタイン編)
2015年2月15日追加
[LV MAX]4550/5330/3980
[特技]初めての手作りチョコ
#スクフェス
today_card.py end


rand_member
[SQL]select id, name, series from carddata where rarity=4 AND (name='高坂穂乃果' OR name='絢瀬絵里' OR name='南ことり' OR name='園田海未' OR name='星空凛' OR name='西木野真姫' OR name='東條希' OR name='小泉花陽' OR name='矢澤にこ' OR name='高海千歌' OR name='桜内梨子' OR name='松浦果南' OR name='黒澤ダイヤ' OR name='渡辺曜' OR name='津島善子' OR name='国木田花丸' OR name='小原鞠莉' OR name='黒澤ルビィ')
create_member_image
【今日のSR/UR勧誘】
UR南ことり(職業編Part2)
2015年3月31日追加
[LV MAX]4100/4550/5250
[特技]捕まえちゃいます♪
#スクフェス
today_card.py end


rand_member
[SQL]select id, name, series from carddata where rarity=2 AND (name='高坂穂乃果' OR name='絢瀬絵里' OR name='南ことり' OR name='園田海未' OR name='星空凛' OR name='西木野真姫' OR name='東條希' OR name='小泉花陽' OR name='矢澤にこ' OR name='高海千歌' OR name='桜内梨子' OR name='松浦果南' OR name='黒澤ダイヤ' OR name='渡辺曜' OR name='津島善子' OR name='国木田花丸' OR name='小原鞠莉' OR name='黒澤ルビィ')
create_member_image
【今日のSR/UR勧誘】
SR矢澤にこ(1月編)
2013年12月31日追加
[LV MAX]3810/3570/4850
[特技]福娘ここにあり
#スクフェス
today_card.py end


rand_member
[SQL]select id, name, series from carddata where rarity=4 AND (name='高坂穂乃果' OR name='絢瀬絵里' OR name='南ことり' OR name='園田海未' OR name='星空凛' OR name='西木野真姫' OR name='東條希' OR name='小泉花陽' OR name='矢澤にこ' OR name='高海千歌' OR name='桜内梨子' OR name='松浦果南' OR name='黒澤ダイヤ' OR name='渡辺曜' OR name='津島善子' OR name='国木田花丸' OR name='小原鞠莉' OR name='黒澤ルビィ')
create_member_image
【今日のSR/UR勧誘】
UR矢澤にこ(8月編)
2013年7月31日追加
[LV MAX]4340/5250/4200
[特技]真夏の熱視線☆
#スクフェス
today_card.py end


rand_member
[SQL]select id, name, series from carddata where rarity=2 AND (name='高坂穂乃果' OR name='絢瀬絵里' OR name='南ことり' OR name='園田海未' OR name='星空凛' OR name='西木野真姫' OR name='東條希' OR name='小泉花陽' OR name='矢澤にこ' OR name='高海千歌' OR name='桜内梨子' OR name='松浦果南' OR name='黒澤ダイヤ' OR name='渡辺曜' OR name='津島善子' OR name='国木田花丸' OR name='小原鞠莉' OR name='黒澤ルビィ')
create_member_image
【今日のSR/UR勧誘】
SR東條希(妖精の国編)
2016年1月31日追加
[LV MAX]4320/4890/3070
[特技]羽根を広げて
#スクフェス
today_card.py end


rand_member
[SQL]select id, name, series from carddata where rarity=2 AND (name='高坂穂乃果' OR name='絢瀬絵里' OR name='南ことり' OR name='園田海未' OR name='星空凛' OR name='西木野真姫' OR name='東條希' OR name='小泉花陽' OR name='矢澤にこ' OR name='高海千歌' OR name='桜内梨子' OR name='松浦果南' OR name='黒澤ダイヤ' OR name='渡辺曜' OR name='津島善子' OR name='国木田花丸' OR name='小原鞠莉' OR name='黒澤ルビィ')
create_member_image
【今日のSR/UR勧誘】
SR桜内梨子(水着編)
2016年8月15日追加
[LV MAX]4960/3050/4360
[特技]水着でステージ
#スクフェス
today_card.py end


rand_member
[SQL]select id, name, series from carddata where rarity=2 AND (name='高坂穂乃果' OR name='絢瀬絵里' OR name='南ことり' OR name='園田海未' OR name='星空凛' OR name='西木野真姫' OR name='東條希' OR name='小泉花陽' OR name='矢澤にこ' OR name='高海千歌' OR name='桜内梨子' OR name='松浦果南' OR name='黒澤ダイヤ' OR name='渡辺曜' OR name='津島善子' OR name='国木田花丸' OR name='小原鞠莉' OR name='黒澤ルビィ')
create_member_image
【今日のSR/UR勧誘】
SR矢澤にこ(ベースボール編)
2016年4月15日追加
[LV MAX]4890/3190/4210
[特技]アイドルの笑顔
#スクフェス
today_card.py end


rand_member
[SQL]select id, name, series from carddata where rarity=2 AND (name='高坂穂乃果' OR name='絢瀬絵里' OR name='南ことり' OR name='園田海未' OR name='星空凛' OR name='西木野真姫' OR name='東條希' OR name='小泉花陽' OR name='矢澤にこ' OR name='高海千歌' OR name='桜内梨子' OR name='松浦果南' OR name='黒澤ダイヤ' OR name='渡辺曜' OR name='津島善子' OR name='国木田花丸' OR name='小原鞠莉' OR name='黒澤ルビィ')
create_member_image
【今日のSR/UR勧誘】
SR小泉花陽(バレンタイン編)
2015年1月31日追加
[LV MAX]3150/4120/4920
[特技]女の子のチョコレート
#スクフェス
today_card.py end


rand_member
[SQL]select id, name, series from carddata where rarity=2 AND (name='高坂穂乃果' OR name='絢瀬絵里' OR name='南ことり' OR name='園田海未' OR name='星空凛' OR name='西木野真姫' OR name='東條希' OR name='小泉花陽' OR name='矢澤にこ' OR name='高海千歌' OR name='桜内梨子' OR name='松浦果南' OR name='黒澤ダイヤ' OR name='渡辺曜' OR name='津島善子' OR name='国木田花丸' OR name='小原鞠莉' OR name='黒澤ルビィ')
create_member_image
【今日のSR/UR勧誘】
SR東條希(星座編)
2014年10月31日追加
[LV MAX]3630/3770/4880
[特技]幸せな双子
#スクフェス
today_card.py end


rand_member
[SQL]select id, name, series from carddata where rarity=2 AND (name='高坂穂乃果' OR name='絢瀬絵里' OR name='南ことり' OR name='園田海未' OR name='星空凛' OR name='西木野真姫' OR name='東條希' OR name='小泉花陽' OR name='矢澤にこ' OR name='高海千歌' OR name='桜内梨子' OR name='松浦果南' OR name='黒澤ダイヤ' OR name='渡辺曜' OR name='津島善子' OR name='国木田花丸' OR name='小原鞠莉' OR name='黒澤ルビィ')
create_member_image
【今日のSR/UR勧誘】
SR東條希(踊り子編)
2016年5月15日追加
[LV MAX]4890/4350/3050
[特技]踊り子の占い師
#スクフェス
today_card.py end


rand_member
[SQL]select id, name, series from carddata where rarity=2 AND (name='高坂穂乃果' OR name='絢瀬絵里' OR name='南ことり' OR name='園田海未' OR name='星空凛' OR name='西木野真姫' OR name='東條希' OR name='小泉花陽' OR name='矢澤にこ' OR name='高海千歌' OR name='桜内梨子' OR name='松浦果南' OR name='黒澤ダイヤ' OR name='渡辺曜' OR name='津島善子' OR name='国木田花丸' OR name='小原鞠莉' OR name='黒澤ルビィ')
create_member_image
【今日のSR/UR勧誘】
SR園田海未(5月編)
2014年4月30日追加
[LV MAX]4850/3500/3980
[特技]海未の恩返し
#スクフェス
today_card.py end


rand_member
[SQL]select id, name, series from carddata where rarity=2 AND (name='高坂穂乃果' OR name='絢瀬絵里' OR name='南ことり' OR name='園田海未' OR name='星空凛' OR name='西木野真姫' OR name='東條希' OR name='小泉花陽' OR name='矢澤にこ' OR name='高海千歌' OR name='桜内梨子' OR name='松浦果南' OR name='黒澤ダイヤ' OR name='渡辺曜' OR name='津島善子' OR name='国木田花丸' OR name='小原鞠莉' OR name='黒澤ルビィ')
create_member_image
【今日のSR/UR勧誘】
SR東條希(サーカス編)
2015年12月31日追加
[LV MAX]3120/4280/4970
[特技]ミステリアスステージ
#スクフェス
today_card.py end


rand_member
[SQL]select id, name, series from carddata where rarity=2 AND (name='高坂穂乃果' OR name='絢瀬絵里' OR name='南ことり' OR name='園田海未' OR name='星空凛' OR name='西木野真姫' OR name='東條希' OR name='小泉花陽' OR name='矢澤にこ' OR name='高海千歌' OR name='桜内梨子' OR name='松浦果南' OR name='黒澤ダイヤ' OR name='渡辺曜' OR name='津島善子' OR name='国木田花丸' OR name='小原鞠莉' OR name='黒澤ルビィ')
create_member_image
【今日のSR/UR勧誘】
SR小原鞠莉(水着編)
2016年7月31日追加
[LV MAX]4310/4950/3100
[特技]体力勝負どんとこい
#スクフェス
today_card.py end


rand_member
[SQL]select id, name, series from carddata where rarity=4 AND (name='高坂穂乃果' OR name='絢瀬絵里' OR name='南ことり' OR name='園田海未' OR name='星空凛' OR name='西木野真姫' OR name='東條希' OR name='小泉花陽' OR name='矢澤にこ' OR name='高海千歌' OR name='桜内梨子' OR name='松浦果南' OR name='黒澤ダイヤ' OR name='渡辺曜' OR name='津島善子' OR name='国木田花丸' OR name='小原鞠莉' OR name='黒澤ルビィ')
create_member_image
【今日のSR/UR勧誘】
UR南ことり(9月編)
2013年9月15日追加
[LV MAX]4250/4340/5200
[特技]夕涼みガール
#スクフェス
today_card.py end


rand_member
[SQL]select id, name, series from carddata where rarity=2 AND (name='高坂穂乃果' OR name='絢瀬絵里' OR name='南ことり' OR name='園田海未' OR name='星空凛' OR name='西木野真姫' OR name='東條希' OR name='小泉花陽' OR name='矢澤にこ' OR name='高海千歌' OR name='桜内梨子' OR name='松浦果南' OR name='黒澤ダイヤ' OR name='渡辺曜' OR name='津島善子' OR name='国木田花丸' OR name='小原鞠莉' OR name='黒澤ルビィ')
create_member_image
【今日のSR/UR勧誘】
SR小泉花陽(チャイナドレス編)
2014年8月15日追加
[LV MAX]3940/4810/3280
[特技]スリットの秘密
#スクフェス
today_card.py end


rand_member
[SQL]select id, name, series from carddata where rarity=2 AND (name='高坂穂乃果' OR name='絢瀬絵里' OR name='南ことり' OR name='園田海未' OR name='星空凛' OR name='西木野真姫' OR name='東條希' OR name='小泉花陽' OR name='矢澤にこ' OR name='高海千歌' OR name='桜内梨子' OR name='松浦果南' OR name='黒澤ダイヤ' OR name='渡辺曜' OR name='津島善子' OR name='国木田花丸' OR name='小原鞠莉' OR name='黒澤ルビィ')
create_member_image
【今日のSR/UR勧誘】
SR高坂穂乃果(ヴァンパイア編)
第9回 メドレーフェスティバル 報酬
[LV MAX]3470/3890/4820
[特技]血を吸っちゃうぞ
#スクフェス
today_card.py end


rand_member
[SQL]select id, name, series from carddata where rarity=2 AND (name='高坂穂乃果' OR name='絢瀬絵里' OR name='南ことり' OR name='園田海未' OR name='星空凛' OR name='西木野真姫' OR name='東條希' OR name='小泉花陽' OR name='矢澤にこ' OR name='高海千歌' OR name='桜内梨子' OR name='松浦果南' OR name='黒澤ダイヤ' OR name='渡辺曜' OR name='津島善子' OR name='国木田花丸' OR name='小原鞠莉' OR name='黒澤ルビィ')
create_member_image
【今日のSR/UR勧誘】
SR桜内梨子(水着編)
2016年8月15日追加
[LV MAX]4960/3050/4360
[特技]水着でステージ
#スクフェス
today_card.py end


rand_member
[SQL]select id, name, series from carddata where rarity=2 AND (name='高坂穂乃果' OR name='絢瀬絵里' OR name='南ことり' OR name='園田海未' OR name='星空凛' OR name='西木野真姫' OR name='東條希' OR name='小泉花陽' OR name='矢澤にこ' OR name='高海千歌' OR name='桜内梨子' OR name='松浦果南' OR name='黒澤ダイヤ' OR name='渡辺曜' OR name='津島善子' OR name='国木田花丸' OR name='小原鞠莉' OR name='黒澤ルビィ')
create_member_image
【今日のSR/UR勧誘】
SR南ことり(お祭り編)
第7回 メドレーフェスティバル 報酬
[LV MAX]3630/4800/3750
[特技]お祭りドレス
#スクフェス
today_card.py end


rand_member
[SQL]select id, name, series from carddata where rarity=2 AND (name='高坂穂乃果' OR name='絢瀬絵里' OR name='南ことり' OR name='園田海未' OR name='星空凛' OR name='西木野真姫' OR name='東條希' OR name='小泉花陽' OR name='矢澤にこ' OR name='高海千歌' OR name='桜内梨子' OR name='松浦果南' OR name='黒澤ダイヤ' OR name='渡辺曜' OR name='津島善子' OR name='国木田花丸' OR name='小原鞠莉' OR name='黒澤ルビィ')

rand_member
[SQL]select id, name, series from carddata where rarity=2 AND (name='高坂穂乃果' OR name='絢瀬絵里' OR name='南ことり' OR name='園田海未' OR name='星空凛' OR name='西木野真姫' OR name='東條希' OR name='小泉花陽' OR name='矢澤にこ' OR name='高海千歌' OR name='桜内梨子' OR name='松浦果南' OR name='黒澤ダイヤ' OR name='渡辺曜' OR name='津島善子' OR name='国木田花丸' OR name='小原鞠莉' OR name='黒澤ルビィ')
create_member_image
【今日のSR/UR勧誘】
SR東條希(くのいち編)
2015年9月15日追加
[LV MAX]4250/4930/3120
[特技]忍者でござる
#スクフェス
today_card.py end


rand_member
[SQL]select id, name, series from carddata where rarity=2 AND (name='高坂穂乃果' OR name='絢瀬絵里' OR name='南ことり' OR name='園田海未' OR name='星空凛' OR name='西木野真姫' OR name='東條希' OR name='小泉花陽' OR name='矢澤にこ' OR name='高海千歌' OR name='桜内梨子' OR name='松浦果南' OR name='黒澤ダイヤ' OR name='渡辺曜' OR name='津島善子' OR name='国木田花丸' OR name='小原鞠莉' OR name='黒澤ルビィ')
create_member_image
【今日のSR/UR勧誘】
SR高坂穂乃果(職業編Part2)
2015年3月31日追加
[LV MAX]4930/3120/4220
[特技]早口言葉もまかせて！
#スクフェス
today_card.py end


rand_member
[SQL]select id, name, series from carddata where rarity=2 AND (name='高坂穂乃果' OR name='絢瀬絵里' OR name='南ことり' OR name='園田海未' OR name='星空凛' OR name='西木野真姫' OR name='東條希' OR name='小泉花陽' OR name='矢澤にこ' OR name='高海千歌' OR name='桜内梨子' OR name='松浦果南' OR name='黒澤ダイヤ' OR name='渡辺曜' OR name='津島善子' OR name='国木田花丸' OR name='小原鞠莉' OR name='黒澤ルビィ')
create_member_image
【今日のSR/UR勧誘】
SR矢澤にこ(天使編)
ニコニーの秘密測定♡ 報酬
[LV MAX]4710/3810/3600
[特技]にこにーエンジェル
#スクフェス
today_card.py end


rand_member
[SQL]select id, name, series from carddata where rarity=2 AND (name='高坂穂乃果' OR name='絢瀬絵里' OR name='南ことり' OR name='園田海未' OR name='星空凛' OR name='西木野真姫' OR name='東條希' OR name='小泉花陽' OR name='矢澤にこ' OR name='高海千歌' OR name='桜内梨子' OR name='松浦果南' OR name='黒澤ダイヤ' OR name='渡辺曜' OR name='津島善子' OR name='国木田花丸' OR name='小原鞠莉' OR name='黒澤ルビィ')
create_member_image

rand_member
[SQL]select id, name, series from carddata where rarity=2 AND (name='高坂穂乃果' OR name='絢瀬絵里' OR name='南ことり' OR name='園田海未' OR name='星空凛' OR name='西木野真姫' OR name='東條希' OR name='小泉花陽' OR name='矢澤にこ' OR name='高海千歌' OR name='桜内梨子' OR name='松浦果南' OR name='黒澤ダイヤ' OR name='渡辺曜' OR name='津島善子' OR name='国木田花丸' OR name='小原鞠莉' OR name='黒澤ルビィ')
create_member_image
【今日のSR/UR勧誘】
SR小泉花陽(職業編Part2)
2015年4月15日追加
[LV MAX]4920/4170/3180
[特技]ご案内しますっ
#スクフェス
today_card.py end


rand_member
[SQL]select id, name, series from carddata where rarity=4 AND (name='高坂穂乃果' OR name='絢瀬絵里' OR name='南ことり' OR name='園田海未' OR name='星空凛' OR name='西木野真姫' OR name='東條希' OR name='小泉花陽' OR name='矢澤にこ' OR name='高海千歌' OR name='桜内梨子' OR name='松浦果南' OR name='黒澤ダイヤ' OR name='渡辺曜' OR name='津島善子' OR name='国木田花丸' OR name='小原鞠莉' OR name='黒澤ルビィ')
create_member_image
【今日のSR/UR勧誘】
UR矢澤にこ(くのいち編)
2015年9月15日追加
[LV MAX]5380/4350/4200
[特技]本気の忍びにこっ
#スクフェス
today_card.py end


rand_member
[SQL]select id, name, series from carddata where rarity=2 AND (name='高坂穂乃果' OR name='絢瀬絵里' OR name='南ことり' OR name='園田海未' OR name='星空凛' OR name='西木野真姫' OR name='東條希' OR name='小泉花陽' OR name='矢澤にこ' OR name='高海千歌' OR name='桜内梨子' OR name='松浦果南' OR name='黒澤ダイヤ' OR name='渡辺曜' OR name='津島善子' OR name='国木田花丸' OR name='小原鞠莉' OR name='黒澤ルビィ')
create_member_image
【今日のSR/UR勧誘】
SR国木田花丸(初期)
2016年7月5日追加
[LV MAX]4940/4220/3190
[特技]本は財産
#スクフェス
today_card.py end


rand_member
[SQL]select id, name, series from carddata where rarity=2 AND (name='高坂穂乃果' OR name='絢瀬絵里' OR name='南ことり' OR name='園田海未' OR name='星空凛' OR name='西木野真姫' OR name='東條希' OR name='小泉花陽' OR name='矢澤にこ' OR name='高海千歌' OR name='桜内梨子' OR name='松浦果南' OR name='黒澤ダイヤ' OR name='渡辺曜' OR name='津島善子' OR name='国木田花丸' OR name='小原鞠莉' OR name='黒澤ルビィ')
create_member_image
【今日のSR/UR勧誘】
SR南ことり(ハロウィン編)
2014年10月15日追加
[LV MAX]3270/4870/3930
[特技]イタズラしません！
#スクフェス
today_card.py end


rand_member
[SQL]select id, name, series from carddata where rarity=4 AND (name='高坂穂乃果' OR name='絢瀬絵里' OR name='南ことり' OR name='園田海未' OR name='星空凛' OR name='西木野真姫' OR name='東條希' OR name='小泉花陽' OR name='矢澤にこ' OR name='高海千歌' OR name='桜内梨子' OR name='松浦果南' OR name='黒澤ダイヤ' OR name='渡辺曜' OR name='津島善子' OR name='国木田花丸' OR name='小原鞠莉' OR name='黒澤ルビィ')
create_member_image
【今日のSR/UR勧誘】
UR東條希(8月編)
2013年8月15日追加
[LV MAX]5270/4320/4200
[特技]真夏の果実☆
#スクフェス
today_card.py end


rand_member
[SQL]select id, name, series from carddata where rarity=2 AND (name='高坂穂乃果' OR name='絢瀬絵里' OR name='南ことり' OR name='園田海未' OR name='星空凛' OR name='西木野真姫' OR name='東條希' OR name='小泉花陽' OR name='矢澤にこ' OR name='高海千歌' OR name='桜内梨子' OR name='松浦果南' OR name='黒澤ダイヤ' OR name='渡辺曜' OR name='津島善子' OR name='国木田花丸' OR name='小原鞠莉' OR name='黒澤ルビィ')
create_member_image
【今日のSR/UR勧誘】
SR東條希(サイバー編)
2015年4月30日追加
[LV MAX]3180/4950/4230
[特技]ふかふかパンケーキ
#スクフェス
today_card.py end


rand_member
[SQL]select id, name, series from carddata where rarity=4 AND (name='高坂穂乃果' OR name='絢瀬絵里' OR name='南ことり' OR name='園田海未' OR name='星空凛' OR name='西木野真姫' OR name='東條希' OR name='小泉花陽' OR name='矢澤にこ' OR name='高海千歌' OR name='桜内梨子' OR name='松浦果南' OR name='黒澤ダイヤ' OR name='渡辺曜' OR name='津島善子' OR name='国木田花丸' OR name='小原鞠莉' OR name='黒澤ルビィ')
create_member_image

rand_member
[SQL]select id, name, series from carddata where rarity=4 AND (name='高坂穂乃果' OR name='絢瀬絵里' OR name='南ことり' OR name='園田海未' OR name='星空凛' OR name='西木野真姫' OR name='東條希' OR name='小泉花陽' OR name='矢澤にこ' OR name='高海千歌' OR name='桜内梨子' OR name='松浦果南' OR name='黒澤ダイヤ' OR name='渡辺曜' OR name='津島善子' OR name='国木田花丸' OR name='小原鞠莉' OR name='黒澤ルビィ')
create_member_image
【今日のSR/UR勧誘】
UR絢瀬絵里(4月編)
2014年3月31日追加
[LV MAX]5220/3880/4690
[特技]亜里沙も一緒♪
#スクフェス
today_card.py end


rand_member
[SQL]select id, name, series from carddata where rarity=2 AND (name='高坂穂乃果' OR name='絢瀬絵里' OR name='南ことり' OR name='園田海未' OR name='星空凛' OR name='西木野真姫' OR name='東條希' OR name='小泉花陽' OR name='矢澤にこ' OR name='高海千歌' OR name='桜内梨子' OR name='松浦果南' OR name='黒澤ダイヤ' OR name='渡辺曜' OR name='津島善子' OR name='国木田花丸' OR name='小原鞠莉' OR name='黒澤ルビィ')
create_member_image
【今日のSR/UR勧誘】
SR絢瀬絵里(職業編)
2013年7月15日追加
[LV MAX]3950/3740/4600
[特技]エリーの懺悔室
#スクフェス
today_card.py end


rand_member
[SQL]select id, name, series from carddata where rarity=2 AND (name='高坂穂乃果' OR name='絢瀬絵里' OR name='南ことり' OR name='園田海未' OR name='星空凛' OR name='西木野真姫' OR name='東條希' OR name='小泉花陽' OR name='矢澤にこ' OR name='高海千歌' OR name='桜内梨子' OR name='松浦果南' OR name='黒澤ダイヤ' OR name='渡辺曜' OR name='津島善子' OR name='国木田花丸' OR name='小原鞠莉' OR name='黒澤ルビィ')
create_member_image
【今日のSR/UR勧誘】
SR園田海未(舞踏会編)
2015年10月31日追加
[LV MAX]4910/3180/4200
[特技]世界史のお時間
#スクフェス
today_card.py end


rand_member
[SQL]select id, name, series from carddata where rarity=2 AND (name='高坂穂乃果' OR name='絢瀬絵里' OR name='南ことり' OR name='園田海未' OR name='星空凛' OR name='西木野真姫' OR name='東條希' OR name='小泉花陽' OR name='矢澤にこ' OR name='高海千歌' OR name='桜内梨子' OR name='松浦果南' OR name='黒澤ダイヤ' OR name='渡辺曜' OR name='津島善子' OR name='国木田花丸' OR name='小原鞠莉' OR name='黒澤ルビィ')
create_member_image
【今日のSR/UR勧誘】
SR小泉花陽(2月編)
2014年1月31日追加
[LV MAX]3530/4840/3860
[特技]ドキドキバレンタイン
#スクフェス
today_card.py end


rand_member
[SQL]select id, name, series from carddata where rarity=2 AND (name='高坂穂乃果' OR name='絢瀬絵里' OR name='南ことり' OR name='園田海未' OR name='星空凛' OR name='西木野真姫' OR name='東條希' OR name='小泉花陽' OR name='矢澤にこ' OR name='高海千歌' OR name='桜内梨子' OR name='松浦果南' OR name='黒澤ダイヤ' OR name='渡辺曜' OR name='津島善子' OR name='国木田花丸' OR name='小原鞠莉' OR name='黒澤ルビィ')
create_member_image
【今日のSR/UR勧誘】
SR高坂穂乃果(チャイナドレス編)
2014年7月31日追加
[LV MAX]3880/3320/4830
[特技]世界のありがとう
#スクフェス
today_card.py end


rand_member
[SQL]select id, name, series from carddata where rarity=2 AND (name='高坂穂乃果' OR name='絢瀬絵里' OR name='南ことり' OR name='園田海未' OR name='星空凛' OR name='西木野真姫' OR name='東條希' OR name='小泉花陽' OR name='矢澤にこ' OR name='高海千歌' OR name='桜内梨子' OR name='松浦果南' OR name='黒澤ダイヤ' OR name='渡辺曜' OR name='津島善子' OR name='国木田花丸' OR name='小原鞠莉' OR name='黒澤ルビィ')
create_member_image
【今日のSR/UR勧誘】
SR高坂穂乃果(4月編)
2014年3月31日追加
[LV MAX]3970/4820/3540
[特技]やっぱり幸せ！
#スクフェス
today_card.py end


rand_member
[SQL]select id, name, series from carddata where rarity=2 AND (name='高坂穂乃果' OR name='絢瀬絵里' OR name='南ことり' OR name='園田海未' OR name='星空凛' OR name='西木野真姫' OR name='東條希' OR name='小泉花陽' OR name='矢澤にこ' OR name='高海千歌' OR name='桜内梨子' OR name='松浦果南' OR name='黒澤ダイヤ' OR name='渡辺曜' OR name='津島善子' OR name='国木田花丸' OR name='小原鞠莉' OR name='黒澤ルビィ')
create_member_image
【今日のSR/UR勧誘】
SR矢澤にこ(天使編)
ニコニーの秘密測定♡ 報酬
[LV MAX]4710/3810/3600
[特技]にこにーエンジェル
#スクフェス
today_card.py end


rand_member
[SQL]select id, name, series from carddata where rarity=2 AND (name='高坂穂乃果' OR name='絢瀬絵里' OR name='南ことり' OR name='園田海未' OR name='星空凛' OR name='西木野真姫' OR name='東條希' OR name='小泉花陽' OR name='矢澤にこ' OR name='高海千歌' OR name='桜内梨子' OR name='松浦果南' OR name='黒澤ダイヤ' OR name='渡辺曜' OR name='津島善子' OR name='国木田花丸' OR name='小原鞠莉' OR name='黒澤ルビィ')
create_member_image

rand_member
[SQL]select id, name, series from carddata where rarity=4 AND (name='高坂穂乃果' OR name='絢瀬絵里' OR name='南ことり' OR name='園田海未' OR name='星空凛' OR name='西木野真姫' OR name='東條希' OR name='小泉花陽' OR name='矢澤にこ' OR name='高海千歌' OR name='桜内梨子' OR name='松浦果南' OR name='黒澤ダイヤ' OR name='渡辺曜' OR name='津島善子' OR name='国木田花丸' OR name='小原鞠莉' OR name='黒澤ルビィ')
create_member_image
【今日のSR/UR勧誘】
UR絢瀬絵里(6月編)
2014年5月31日追加
[LV MAX]4180/4320/5320
[特技]シンプルドレス
#スクフェス
today_card.py end


rand_member
[SQL]select id, name, series from carddata where rarity=2 AND (name='高坂穂乃果' OR name='絢瀬絵里' OR name='南ことり' OR name='園田海未' OR name='星空凛' OR name='西木野真姫' OR name='東條希' OR name='小泉花陽' OR name='矢澤にこ' OR name='高海千歌' OR name='桜内梨子' OR name='松浦果南' OR name='黒澤ダイヤ' OR name='渡辺曜' OR name='津島善子' OR name='国木田花丸' OR name='小原鞠莉' OR name='黒澤ルビィ')
create_member_image
【今日のSR/UR勧誘】
SR高坂穂乃果(ハロウィン編)
2014年9月30日追加
[LV MAX]4910/3230/4000
[特技]とことん遊ぼう！
#スクフェス
today_card.py end


rand_member
[SQL]select id, name, series from carddata where rarity=2 AND (name='高坂穂乃果' OR name='絢瀬絵里' OR name='南ことり' OR name='園田海未' OR name='星空凛' OR name='西木野真姫' OR name='東條希' OR name='小泉花陽' OR name='矢澤にこ' OR name='高海千歌' OR name='桜内梨子' OR name='松浦果南' OR name='黒澤ダイヤ' OR name='渡辺曜' OR name='津島善子' OR name='国木田花丸' OR name='小原鞠莉' OR name='黒澤ルビィ')
create_member_image

rand_member
[SQL]select id, name, series from carddata where rarity=2 AND (name='高坂穂乃果' OR name='絢瀬絵里' OR name='南ことり' OR name='園田海未' OR name='星空凛' OR name='西木野真姫' OR name='東條希' OR name='小泉花陽' OR name='矢澤にこ' OR name='高海千歌' OR name='桜内梨子' OR name='松浦果南' OR name='黒澤ダイヤ' OR name='渡辺曜' OR name='津島善子' OR name='国木田花丸' OR name='小原鞠莉' OR name='黒澤ルビィ')
create_member_image
【今日のSR/UR勧誘】
SR高坂穂乃果(マリン編)
2015年6月30日追加
[LV MAX]4260/4950/3100
[特技]海って最高！
#スクフェス
today_card.py end


rand_member
[SQL]select id, name, series from carddata where rarity=2 AND (name='高坂穂乃果' OR name='絢瀬絵里' OR name='南ことり' OR name='園田海未' OR name='星空凛' OR name='西木野真姫' OR name='東條希' OR name='小泉花陽' OR name='矢澤にこ' OR name='高海千歌' OR name='桜内梨子' OR name='松浦果南' OR name='黒澤ダイヤ' OR name='渡辺曜' OR name='津島善子' OR name='国木田花丸' OR name='小原鞠莉' OR name='黒澤ルビィ')
create_member_image
【今日のSR/UR勧誘】
SR絢瀬絵里(星座編)
2014年11月15日追加
[LV MAX]3350/4910/4050
[特技]正義、審判せず？
#スクフェス
today_card.py end


rand_member
[SQL]select id, name, series from carddata where rarity=2 AND (name='高坂穂乃果' OR name='絢瀬絵里' OR name='南ことり' OR name='園田海未' OR name='星空凛' OR name='西木野真姫' OR name='東條希' OR name='小泉花陽' OR name='矢澤にこ' OR name='高海千歌' OR name='桜内梨子' OR name='松浦果南' OR name='黒澤ダイヤ' OR name='渡辺曜' OR name='津島善子' OR name='国木田花丸' OR name='小原鞠莉' OR name='黒澤ルビィ')
create_member_image
【今日のSR/UR勧誘】
SR矢澤にこ(カフェメイド編)
2014年8月31日追加
[LV MAX]4000/4790/3580
[特技]クッキングパワー☆
#スクフェス
today_card.py end


rand_member
[SQL]select id, name, series from carddata where rarity=2 AND (name='高坂穂乃果' OR name='絢瀬絵里' OR name='南ことり' OR name='園田海未' OR name='星空凛' OR name='西木野真姫' OR name='東條希' OR name='小泉花陽' OR name='矢澤にこ' OR name='高海千歌' OR name='桜内梨子' OR name='松浦果南' OR name='黒澤ダイヤ' OR name='渡辺曜' OR name='津島善子' OR name='国木田花丸' OR name='小原鞠莉' OR name='黒澤ルビィ')
create_member_image
【今日のSR/UR勧誘】
SR津島善子(初期)
2016年7月5日追加
[LV MAX]3200/4190/4900
[特技]罪深き闇のドレス
#スクフェス
today_card.py end


rand_member
[SQL]select id, name, series from carddata where rarity=2 AND (name='高坂穂乃果' OR name='絢瀬絵里' OR name='南ことり' OR name='園田海未' OR name='星空凛' OR name='西木野真姫' OR name='東條希' OR name='小泉花陽' OR name='矢澤にこ' OR name='高海千歌' OR name='桜内梨子' OR name='松浦果南' OR name='黒澤ダイヤ' OR name='渡辺曜' OR name='津島善子' OR name='国木田花丸' OR name='小原鞠莉' OR name='黒澤ルビィ')
create_member_image
【今日のSR/UR勧誘】
SR東條希(5月編)
2014年4月30日追加
[LV MAX]3590/4740/4000
[特技]塔の中の乙女
#スクフェス
today_card.py end


rand_member
[SQL]select id, name, series from carddata where rarity=2 AND (name='高坂穂乃果' OR name='絢瀬絵里' OR name='南ことり' OR name='園田海未' OR name='星空凛' OR name='西木野真姫' OR name='東條希' OR name='小泉花陽' OR name='矢澤にこ' OR name='高海千歌' OR name='桜内梨子' OR name='松浦果南' OR name='黒澤ダイヤ' OR name='渡辺曜' OR name='津島善子' OR name='国木田花丸' OR name='小原鞠莉' OR name='黒澤ルビィ')
create_member_image
【今日のSR/UR勧誘】
SR高坂穂乃果(プール編)
2015年8月15日追加
[LV MAX]4050/3330/4920
[特技]授業なんて楽勝だっ
#スクフェス
today_card.py end


rand_member
[SQL]select id, name, series from carddata where rarity=2 AND (name='高坂穂乃果' OR name='絢瀬絵里' OR name='南ことり' OR name='園田海未' OR name='星空凛' OR name='西木野真姫' OR name='東條希' OR name='小泉花陽' OR name='矢澤にこ' OR name='高海千歌' OR name='桜内梨子' OR name='松浦果南' OR name='黒澤ダイヤ' OR name='渡辺曜' OR name='津島善子' OR name='国木田花丸' OR name='小原鞠莉' OR name='黒澤ルビィ')
create_member_image
【今日のSR/UR勧誘】
SR東條希(小悪魔編)
2016年6月30日追加
[LV MAX]3040/4350/4890
[特技]魂をいただいちゃう！
#スクフェス
today_card.py end


rand_member
[SQL]select id, name, series from carddata where rarity=2 AND (name='高坂穂乃果' OR name='絢瀬絵里' OR name='南ことり' OR name='園田海未' OR name='星空凛' OR name='西木野真姫' OR name='東條希' OR name='小泉花陽' OR name='矢澤にこ' OR name='高海千歌' OR name='桜内梨子' OR name='松浦果南' OR name='黒澤ダイヤ' OR name='渡辺曜' OR name='津島善子' OR name='国木田花丸' OR name='小原鞠莉' OR name='黒澤ルビィ')
create_member_image
【今日のSR/UR勧誘】
SR絢瀬絵里(ひな祭り編)
第3回 メドレーフェスティバル 報酬
[LV MAX]3450/3850/4840
[特技]キミの心に届けたい
#スクフェス
today_card.py end


rand_member
[SQL]select id, name, series from carddata where rarity=2 AND (name='高坂穂乃果' OR name='絢瀬絵里' OR name='南ことり' OR name='園田海未' OR name='星空凛' OR name='西木野真姫' OR name='東條希' OR name='小泉花陽' OR name='矢澤にこ' OR name='高海千歌' OR name='桜内梨子' OR name='松浦果南' OR name='黒澤ダイヤ' OR name='渡辺曜' OR name='津島善子' OR name='国木田花丸' OR name='小原鞠莉' OR name='黒澤ルビィ')
create_member_image
【今日のSR/UR勧誘】
SR東條希(おせち編)
第23回 スコアマッチ 報酬
[LV MAX]4760/3420/3980
[特技]今年もよろしくね♪
#スクフェス
today_card.py end


rand_member
[SQL]select id, name, series from carddata where rarity=2 AND (name='高坂穂乃果' OR name='絢瀬絵里' OR name='南ことり' OR name='園田海未' OR name='星空凛' OR name='西木野真姫' OR name='東條希' OR name='小泉花陽' OR name='矢澤にこ' OR name='高海千歌' OR name='桜内梨子' OR name='松浦果南' OR name='黒澤ダイヤ' OR name='渡辺曜' OR name='津島善子' OR name='国木田花丸' OR name='小原鞠莉' OR name='黒澤ルビィ')
create_member_image
【今日のSR/UR勧誘】
SR高坂穂乃果(舞踏会編)
2015年11月15日追加
[LV MAX]4080/3300/4960
[特技]たまには洋菓子も
#スクフェス
today_card.py end


rand_member
[SQL]select id, name, series from carddata where rarity=2 AND (name='高坂穂乃果' OR name='絢瀬絵里' OR name='南ことり' OR name='園田海未' OR name='星空凛' OR name='西木野真姫' OR name='東條希' OR name='小泉花陽' OR name='矢澤にこ' OR name='高海千歌' OR name='桜内梨子' OR name='松浦果南' OR name='黒澤ダイヤ' OR name='渡辺曜' OR name='津島善子' OR name='国木田花丸' OR name='小原鞠莉' OR name='黒澤ルビィ')
create_member_image
【今日のSR/UR勧誘】
SR桜内梨子(梅雨編)
夜空はなんでも知ってるみたい 報酬
[LV MAX]3900/3570/4690
[特技]ひとつの音楽
#スクフェス
today_card.py end


rand_member
[SQL]select id, name, series from carddata where rarity=2 AND (name='高坂穂乃果' OR name='絢瀬絵里' OR name='南ことり' OR name='園田海未' OR name='星空凛' OR name='西木野真姫' OR name='東條希' OR name='小泉花陽' OR name='矢澤にこ' OR name='高海千歌' OR name='桜内梨子' OR name='松浦果南' OR name='黒澤ダイヤ' OR name='渡辺曜' OR name='津島善子' OR name='国木田花丸' OR name='小原鞠莉' OR name='黒澤ルビィ')
create_member_image
【今日のSR/UR勧誘】
SR絢瀬絵里(ひな祭り編)
第3回 メドレーフェスティバル 報酬
[LV MAX]3450/3850/4840
[特技]キミの心に届けたい
#スクフェス
today_card.py end


rand_member
[SQL]select id, name, series from carddata where rarity=4 AND (name='高坂穂乃果' OR name='絢瀬絵里' OR name='南ことり' OR name='園田海未' OR name='星空凛' OR name='西木野真姫' OR name='東條希' OR name='小泉花陽' OR name='矢澤にこ' OR name='高海千歌' OR name='桜内梨子' OR name='松浦果南' OR name='黒澤ダイヤ' OR name='渡辺曜' OR name='津島善子' OR name='国木田花丸' OR name='小原鞠莉' OR name='黒澤ルビィ')
create_member_image
【今日のSR/UR勧誘】
UR西木野真姫(11月編)
2013年11月15日追加
[LV MAX]5210/4160/4420
[特技]秘密の手料理
#スクフェス
today_card.py end


rand_member
[SQL]select id, name, series from carddata where rarity=2 AND (name='高坂穂乃果' OR name='絢瀬絵里' OR name='南ことり' OR name='園田海未' OR name='星空凛' OR name='西木野真姫' OR name='東條希' OR name='小泉花陽' OR name='矢澤にこ' OR name='高海千歌' OR name='桜内梨子' OR name='松浦果南' OR name='黒澤ダイヤ' OR name='渡辺曜' OR name='津島善子' OR name='国木田花丸' OR name='小原鞠莉' OR name='黒澤ルビィ')
create_member_image
【今日のSR/UR勧誘】
SR西木野真姫(8月編)
2013年8月15日追加
[LV MAX]3600/4720/3910
[特技]渚の歌姫
#スクフェス
today_card.py end


rand_member
[SQL]select id, name, series from carddata where rarity=2 AND (name='高坂穂乃果' OR name='絢瀬絵里' OR name='南ことり' OR name='園田海未' OR name='星空凛' OR name='西木野真姫' OR name='東條希' OR name='小泉花陽' OR name='矢澤にこ' OR name='高海千歌' OR name='桜内梨子' OR name='松浦果南' OR name='黒澤ダイヤ' OR name='渡辺曜' OR name='津島善子' OR name='国木田花丸' OR name='小原鞠莉' OR name='黒澤ルビィ')
create_member_image

rand_member
[SQL]select id, name, series from carddata where rarity=2 AND (name='高坂穂乃果' OR name='絢瀬絵里' OR name='南ことり' OR name='園田海未' OR name='星空凛' OR name='西木野真姫' OR name='東條希' OR name='小泉花陽' OR name='矢澤にこ' OR name='高海千歌' OR name='桜内梨子' OR name='松浦果南' OR name='黒澤ダイヤ' OR name='渡辺曜' OR name='津島善子' OR name='国木田花丸' OR name='小原鞠莉' OR name='黒澤ルビィ')
create_member_image
【今日のSR/UR勧誘】
SR小泉花陽(4月編)
2014年3月31日追加
[LV MAX]3500/4000/4830
[特技]まかせてください！
#スクフェス
today_card.py end


rand_member
[SQL]select id, name, series from carddata where rarity=2 AND (name='高坂穂乃果' OR name='絢瀬絵里' OR name='南ことり' OR name='園田海未' OR name='星空凛' OR name='西木野真姫' OR name='東條希' OR name='小泉花陽' OR name='矢澤にこ' OR name='高海千歌' OR name='桜内梨子' OR name='松浦果南' OR name='黒澤ダイヤ' OR name='渡辺曜' OR name='津島善子' OR name='国木田花丸' OR name='小原鞠莉' OR name='黒澤ルビィ')
create_member_image
【今日のSR/UR勧誘】
SR高坂穂乃果(2月編)
2014年1月31日追加
[LV MAX]4880/3840/3510
[特技]動物がいっぱい
#スクフェス
today_card.py end


rand_member
[SQL]select id, name, series from carddata where rarity=2 AND (name='高坂穂乃果' OR name='絢瀬絵里' OR name='南ことり' OR name='園田海未' OR name='星空凛' OR name='西木野真姫' OR name='東條希' OR name='小泉花陽' OR name='矢澤にこ' OR name='高海千歌' OR name='桜内梨子' OR name='松浦果南' OR name='黒澤ダイヤ' OR name='渡辺曜' OR name='津島善子' OR name='国木田花丸' OR name='小原鞠莉' OR name='黒澤ルビィ')
create_member_image
【今日のSR/UR勧誘】
SR園田海未(10月編)
2013年9月30日追加
[LV MAX]3650/4760/3820
[特技]敏腕マネージャー
#スクフェス
today_card.py end


rand_member
[SQL]select id, name, series from carddata where rarity=4 AND (name='高坂穂乃果' OR name='絢瀬絵里' OR name='南ことり' OR name='園田海未' OR name='星空凛' OR name='西木野真姫' OR name='東條希' OR name='小泉花陽' OR name='矢澤にこ' OR name='高海千歌' OR name='桜内梨子' OR name='松浦果南' OR name='黒澤ダイヤ' OR name='渡辺曜' OR name='津島善子' OR name='国木田花丸' OR name='小原鞠莉' OR name='黒澤ルビィ')
create_member_image
【今日のSR/UR勧誘】
UR東條希(バレンタイン編)
2015年1月31日追加
[LV MAX]5230/4590/4040
[特技]気合い入れよう♪
#スクフェス
today_card.py end


rand_member
[SQL]select id, name, series from carddata where rarity=2 AND (name='高坂穂乃果' OR name='絢瀬絵里' OR name='南ことり' OR name='園田海未' OR name='星空凛' OR name='西木野真姫' OR name='東條希' OR name='小泉花陽' OR name='矢澤にこ' OR name='高海千歌' OR name='桜内梨子' OR name='松浦果南' OR name='黒澤ダイヤ' OR name='渡辺曜' OR name='津島善子' OR name='国木田花丸' OR name='小原鞠莉' OR name='黒澤ルビィ')
create_member_image
【今日のSR/UR勧誘】
SR星空凛(お月見編)
We are NAVIGATORS! 報酬
[LV MAX]3870/4410/4010
[特技]お月見するにゃ！
#スクフェス
today_card.py end

