no update info
[SQL]:select * from status where time=(select max(time) from status)
[Tweet]POST:2016-04-24 19:50:05.094591 LP:78/150

no update info
[SQL]:select * from status where time=(select max(time) from status)
[Tweet]POST:2016-04-24 20:00:04.923048 LP:80/150

2016-04-24 20:09:12
[SQL]:select * from status where time=(select max(time) from status)
[Tweet]POST:2016-04-24 20:10:26.370598 LP:82/150
[Tweet]POST:2016-04-24 20:10:27.393035 LP:82/150
[SQL]insert into status values('2016-04-24 20:09:12',250,82,150,4409,8062,FALSE)
 DB updated.
[SQL]select * from status
+-----------------------+
| 2016-04-20 22:50:04, RANK:249, LP:146/149, EXP:795/8028, POP:1 |
| 2016-04-21 00:03:58, RANK:249, LP:13/149, EXP:1908/8028, POP:0 |
| 2016-04-21 18:40:03, RANK:249, LP:86/149, EXP:24372/8028, POP:1 |
| 2016-04-21 21:26:09, RANK:249, LP:30/149, EXP:2955/8028, POP:0 |
| 2016-04-21 21:38:46, RANK:249, LP:8/149, EXP:3038/8028, POP:0 |
| 2016-04-22 14:20:05, RANK:249, LP:12/149, EXP:3038/8028, POP:1 |
| 2016-04-22 23:20:05, RANK:249, LP:140/149, EXP:3038/8028, POP:1 |
| 2016-04-23 06:30:06, RANK:249, LP:89/149, EXP:3553/8028, POP:1 |
| 2016-04-23 14:13:46, RANK:249, LP:75/149, EXP:4080/8028, POP:0 |
| 2016-04-23 18:33:41, RANK:249, LP:33/149, EXP:4626/8028, POP:0 |
| 2016-04-24 14:50:05, RANK:250, LP:17/150, EXP:1530/8062, POP:1 |
| 2016-04-24 17:45:01, RANK:250, LP:58/150, EXP:4409/8062, POP:0 |
| None, RANK:250, LP:58/150, EXP:4409/8062, POP:0 |
| None, RANK:250, LP:58/150, EXP:4409/8062, POP:0 |
| None, RANK:250, LP:58/150, EXP:4409/8062, POP:0 |
| None, RANK:250, LP:58/150, EXP:4409/8062, POP:0 |
| None, RANK:250, LP:58/150, EXP:4409/8062, POP:0 |
| None, RANK:250, LP:58/150, EXP:4409/8062, POP:0 |
| None, RANK:250, LP:58/150, EXP:4409/8062, POP:0 |
| None, RANK:250, LP:58/150, EXP:4409/8062, POP:0 |
| None, RANK:250, LP:58/150, EXP:4409/8062, POP:0 |
| None, RANK:250, LP:58/150, EXP:4409/8062, POP:0 |
| None, RANK:250, LP:58/150, EXP:4409/8062, POP:0 |
| None, RANK:250, LP:58/150, EXP:4409/8062, POP:0 |
| None, RANK:250, LP:58/150, EXP:4409/8062, POP:0 |
| None, RANK:250, LP:58/150, EXP:4409/8062, POP:0 |
| None, RANK:250, LP:58/150, EXP:4409/8062, POP:0 |
| None, RANK:250, LP:58/150, EXP:4409/8062, POP:0 |
| None, RANK:250, LP:58/150, EXP:4409/8062, POP:0 |
| 2016-04-24 20:09:12, RANK:250, LP:82/150, EXP:4409/8062, POP:0 |
| 2016-04-24 20:09:12, RANK:250, LP:82/150, EXP:4409/8062, POP:0 |
+-----------------------+
[SQL]insert into cf2 values('2016-04-24 20:09:12',53110,0)
 DB updated.
[SQL]select * from cf2
+-----------------------+
| 2016-04-20 22:17:35, 0, 0 |
| 2016-04-20 22:20:43, 0, 0 |
| 2016-04-20 22:25:07, 0, 0 |
| 2016-04-21 00:03:49, 5049, 0 |
| 2016-04-21 12:19:24, 7849, 0 |
| 2016-04-21 21:24:49, 1036, 0 |
| 2016-04-21 21:26:01, 1036, 0 |
| 2016-04-21 21:38:39, 10803, 0 |
| 2016-04-21 23:38:52, 10803, 0 |
| 2016-04-22 00:35:31, 10803, 0 |
| 2016-04-22 22:25:42, 10803, 0 |
| 2016-04-23 00:29:32, 13294, 0 |
| 2016-04-23 14:13:46, 15743, 0 |
| 2016-04-23 18:33:41, 18186, 0 |
| 2016-04-24 01:23:22, 40528, 0 |
| 2016-04-24 17:45:01, 53110, 0 |
| 2016-04-24 20:09:12, 53110, 0 |
+-----------------------+

